# C11-132 BEFORE capture (base a3f8855fd, tag browser-freeze, 2026-06-12T18:17:55Z)
# Setup: fresh workspace 'C11-132 before' + 4 browser panes (example.com) via socket.
# Portal log was quiescent at 211 lines before kill.
# Killed WebContent pid 40229 at 2026-06-12T18:16:42Z; replacement pid 46354 spawned; page recovered.
# Portal log lines emitted during kill + 30s settle: 0 (browser portal has no portalLog instrumentation at base).
# Lines below: the pane-creation churn window (terminal-portal events only), log lines 137-211.
2026-06-12T18:15:20.151Z seq=137 t+2171849.502ms thread=main portal: bind.before hostedId=0x7a7c66ea02f41036 anchorId=0xe4def5bf656ca097 anchorWindowNumber=67831 anchorSuperviewPtr=0x0000000a30a92680 visibleInUI=0 prevHostedIdForAnchor=nil prevEntryHostedViewPtr=nil entryCount=2
2026-06-12T18:15:20.201Z seq=138 t+2171899.315ms thread=main portal: sync.result hostedId=0x7a7c66ea02f41036 oldFrame=200.0,0.0 920.0x740.0 targetFrame=200.0,0.0 920.0x740.0 shouldHide=1 revealReady=1 hostedHidden=1 entryCount=3
2026-06-12T18:15:20.201Z seq=139 t+2171899.600ms thread=main portal: bind.after hostedId=0x7a7c66ea02f41036 anchorId=0xe4def5bf656ca097 seededFrame=200.0,0.0 920.0x740.0 superviewIsHostView=1 entryCount=3
2026-06-12T18:15:20.624Z seq=140 t+2172322.437ms thread=main portal: sync.result hostedId=0x7a7c66ea02f41036 oldFrame=200.0,0.0 920.0x740.0 targetFrame=200.0,0.0 920.0x740.0 shouldHide=1 revealReady=1 hostedHidden=1 entryCount=3
2026-06-12T18:15:20.642Z seq=141 t+2172340.552ms thread=main portal: geom.external windowNumber=67831 trigger=hostGeometryRevision entryCount=3
2026-06-12T18:15:20.643Z seq=142 t+2172340.973ms thread=main portal: sync.result hostedId=0xdf39c20f5a49fcb1 oldFrame=660.5,0.0 459.5x335.5 targetFrame=660.5,0.0 459.5x335.5 shouldHide=0 revealReady=1 hostedHidden=0 entryCount=3
2026-06-12T18:15:20.644Z seq=143 t+2172342.253ms thread=main portal: sync.result hostedId=0x7a7c66ea02f41036 oldFrame=200.0,0.0 920.0x740.0 targetFrame=200.0,0.0 920.0x740.0 shouldHide=1 revealReady=1 hostedHidden=1 entryCount=3
2026-06-12T18:15:20.644Z seq=144 t+2172342.620ms thread=main portal: sync.result hostedId=0x87fe555d3a25de9a oldFrame=200.0,404.5 459.5x335.5 targetFrame=200.0,404.5 459.5x335.5 shouldHide=0 revealReady=1 hostedHidden=0 entryCount=3
2026-06-12T18:15:39.743Z seq=145 t+2191441.177ms thread=main portal: bind.before hostedId=0x7a7c66ea02f41036 anchorId=0xec37a6a0df81f2d5 anchorWindowNumber=67831 anchorSuperviewPtr=0x0000000a306f3480 visibleInUI=0 prevHostedIdForAnchor=nil prevEntryHostedViewPtr=nil entryCount=3
2026-06-12T18:15:39.744Z seq=146 t+2191442.386ms thread=main portal: sync.result hostedId=0x7a7c66ea02f41036 oldFrame=200.0,0.0 459.5x740.0 targetFrame=200.0,0.0 459.5x740.0 shouldHide=1 revealReady=1 hostedHidden=1 entryCount=3
2026-06-12T18:15:39.744Z seq=147 t+2191442.543ms thread=main portal: bind.after hostedId=0x7a7c66ea02f41036 anchorId=0xec37a6a0df81f2d5 seededFrame=200.0,0.0 459.5x740.0 superviewIsHostView=1 entryCount=3
2026-06-12T18:15:39.753Z seq=148 t+2191451.635ms thread=main portal: bind.before hostedId=0x7a7c66ea02f41036 anchorId=0xec37a6a0df81f2d5 anchorWindowNumber=67831 anchorSuperviewPtr=0x0000000a306f3480 visibleInUI=0 prevHostedIdForAnchor=0x7a7c66ea02f41036 prevEntryHostedViewPtr=0x0000000a31e36680 entryCount=3
2026-06-12T18:15:39.754Z seq=149 t+2191452.177ms thread=main portal: sync.result hostedId=0x7a7c66ea02f41036 oldFrame=200.0,0.0 459.5x740.0 targetFrame=200.0,0.0 459.5x740.0 shouldHide=1 revealReady=1 hostedHidden=1 entryCount=3
2026-06-12T18:15:39.754Z seq=150 t+2191452.304ms thread=main portal: bind.after hostedId=0x7a7c66ea02f41036 anchorId=0xec37a6a0df81f2d5 seededFrame=200.0,0.0 459.5x740.0 superviewIsHostView=1 entryCount=3
2026-06-12T18:15:40.284Z seq=151 t+2191982.091ms thread=main portal: sync.result hostedId=0x7a7c66ea02f41036 oldFrame=200.0,0.0 459.5x740.0 targetFrame=200.0,0.0 459.5x740.0 shouldHide=1 revealReady=1 hostedHidden=1 entryCount=3
2026-06-12T18:15:40.320Z seq=152 t+2192018.623ms thread=main portal: geom.external windowNumber=67831 trigger=hostGeometryRevision entryCount=3
2026-06-12T18:15:40.321Z seq=153 t+2192019.268ms thread=main portal: sync.result hostedId=0xdf39c20f5a49fcb1 oldFrame=660.5,0.0 459.5x335.5 targetFrame=660.5,0.0 459.5x335.5 shouldHide=0 revealReady=1 hostedHidden=0 entryCount=3
2026-06-12T18:15:40.321Z seq=154 t+2192019.650ms thread=main portal: sync.result hostedId=0x7a7c66ea02f41036 oldFrame=200.0,0.0 459.5x740.0 targetFrame=200.0,0.0 459.5x740.0 shouldHide=1 revealReady=1 hostedHidden=1 entryCount=3
2026-06-12T18:15:40.322Z seq=155 t+2192020.172ms thread=main portal: sync.result hostedId=0x87fe555d3a25de9a oldFrame=200.0,404.5 459.5x335.5 targetFrame=200.0,404.5 459.5x335.5 shouldHide=0 revealReady=1 hostedHidden=0 entryCount=3
2026-06-12T18:15:40.719Z seq=156 t+2192417.334ms thread=main portal: bind.before hostedId=0x7a7c66ea02f41036 anchorId=0x76fb5a4c81261a9b anchorWindowNumber=67831 anchorSuperviewPtr=0x0000000a2f2fea00 visibleInUI=0 prevHostedIdForAnchor=nil prevEntryHostedViewPtr=nil entryCount=3
2026-06-12T18:15:40.720Z seq=157 t+2192418.621ms thread=main portal: sync.result hostedId=0x7a7c66ea02f41036 oldFrame=200.0,0.0 229.5x740.0 targetFrame=200.0,0.0 229.5x740.0 shouldHide=1 revealReady=1 hostedHidden=1 entryCount=3
2026-06-12T18:15:40.720Z seq=158 t+2192418.767ms thread=main portal: bind.after hostedId=0x7a7c66ea02f41036 anchorId=0x76fb5a4c81261a9b seededFrame=200.0,0.0 229.5x740.0 superviewIsHostView=1 entryCount=3
2026-06-12T18:15:40.747Z seq=159 t+2192444.836ms thread=main portal: bind.before hostedId=0x7a7c66ea02f41036 anchorId=0x76fb5a4c81261a9b anchorWindowNumber=67831 anchorSuperviewPtr=0x0000000a2f2fea00 visibleInUI=0 prevHostedIdForAnchor=0x7a7c66ea02f41036 prevEntryHostedViewPtr=0x0000000a31e36680 entryCount=3
2026-06-12T18:15:40.747Z seq=160 t+2192445.756ms thread=main portal: sync.result hostedId=0x7a7c66ea02f41036 oldFrame=200.0,0.0 229.5x740.0 targetFrame=200.0,0.0 229.5x740.0 shouldHide=1 revealReady=1 hostedHidden=1 entryCount=3
2026-06-12T18:15:40.748Z seq=161 t+2192446.195ms thread=main portal: bind.after hostedId=0x7a7c66ea02f41036 anchorId=0x76fb5a4c81261a9b seededFrame=200.0,0.0 229.5x740.0 superviewIsHostView=1 entryCount=3
2026-06-12T18:15:41.304Z seq=162 t+2193002.494ms thread=main portal: sync.result hostedId=0x7a7c66ea02f41036 oldFrame=200.0,0.0 229.5x740.0 targetFrame=200.0,0.0 229.5x740.0 shouldHide=1 revealReady=1 hostedHidden=1 entryCount=3
2026-06-12T18:15:41.327Z seq=163 t+2193025.742ms thread=main portal: geom.external windowNumber=67831 trigger=hostGeometryRevision entryCount=3
2026-06-12T18:15:41.328Z seq=164 t+2193026.666ms thread=main portal: sync.result hostedId=0xdf39c20f5a49fcb1 oldFrame=660.5,0.0 459.5x335.5 targetFrame=660.5,0.0 459.5x335.5 shouldHide=0 revealReady=1 hostedHidden=0 entryCount=3
2026-06-12T18:15:41.329Z seq=165 t+2193027.297ms thread=main portal: sync.result hostedId=0x7a7c66ea02f41036 oldFrame=200.0,0.0 229.5x740.0 targetFrame=200.0,0.0 229.5x740.0 shouldHide=1 revealReady=1 hostedHidden=1 entryCount=3
2026-06-12T18:15:41.330Z seq=166 t+2193027.877ms thread=main portal: sync.result hostedId=0x87fe555d3a25de9a oldFrame=200.0,404.5 459.5x335.5 targetFrame=200.0,404.5 459.5x335.5 shouldHide=0 revealReady=1 hostedHidden=0 entryCount=3
2026-06-12T18:15:41.876Z seq=167 t+2193574.481ms thread=main portal: bind.before hostedId=0x7a7c66ea02f41036 anchorId=0x376aff2fe4bf9a6e anchorWindowNumber=67831 anchorSuperviewPtr=0x0000000a3089ea00 visibleInUI=0 prevHostedIdForAnchor=nil prevEntryHostedViewPtr=nil entryCount=3
2026-06-12T18:15:41.878Z seq=168 t+2193576.256ms thread=main portal: sync.result hostedId=0x7a7c66ea02f41036 oldFrame=200.0,404.5 229.5x335.5 targetFrame=200.0,404.5 229.5x335.5 shouldHide=1 revealReady=1 hostedHidden=1 entryCount=3
2026-06-12T18:15:41.878Z seq=169 t+2193576.484ms thread=main portal: bind.after hostedId=0x7a7c66ea02f41036 anchorId=0x376aff2fe4bf9a6e seededFrame=200.0,404.5 229.5x335.5 superviewIsHostView=1 entryCount=3
2026-06-12T18:15:41.928Z seq=170 t+2193626.822ms thread=main portal: bind.before hostedId=0x7a7c66ea02f41036 anchorId=0x376aff2fe4bf9a6e anchorWindowNumber=67831 anchorSuperviewPtr=0x0000000a3089ea00 visibleInUI=0 prevHostedIdForAnchor=0x7a7c66ea02f41036 prevEntryHostedViewPtr=0x0000000a31e36680 entryCount=3
2026-06-12T18:15:41.929Z seq=171 t+2193627.602ms thread=main portal: sync.result hostedId=0x7a7c66ea02f41036 oldFrame=200.0,404.5 229.5x335.5 targetFrame=200.0,404.5 229.5x335.5 shouldHide=1 revealReady=1 hostedHidden=1 entryCount=3
2026-06-12T18:15:41.929Z seq=172 t+2193627.768ms thread=main portal: bind.after hostedId=0x7a7c66ea02f41036 anchorId=0x376aff2fe4bf9a6e seededFrame=200.0,404.5 229.5x335.5 superviewIsHostView=1 entryCount=3
2026-06-12T18:15:42.636Z seq=173 t+2194334.505ms thread=main portal: sync.result hostedId=0x7a7c66ea02f41036 oldFrame=200.0,404.5 229.5x335.5 targetFrame=200.0,404.5 229.5x335.5 shouldHide=1 revealReady=1 hostedHidden=1 entryCount=3
2026-06-12T18:15:42.670Z seq=174 t+2194368.054ms thread=main portal: geom.external windowNumber=67831 trigger=hostGeometryRevision entryCount=3
2026-06-12T18:15:42.670Z seq=175 t+2194368.451ms thread=main portal: sync.result hostedId=0xdf39c20f5a49fcb1 oldFrame=660.5,0.0 459.5x335.5 targetFrame=660.5,0.0 459.5x335.5 shouldHide=0 revealReady=1 hostedHidden=0 entryCount=3
2026-06-12T18:15:42.670Z seq=176 t+2194368.802ms thread=main portal: sync.result hostedId=0x7a7c66ea02f41036 oldFrame=200.0,404.5 229.5x335.5 targetFrame=200.0,404.5 229.5x335.5 shouldHide=1 revealReady=1 hostedHidden=1 entryCount=3
2026-06-12T18:15:42.671Z seq=177 t+2194369.220ms thread=main portal: sync.result hostedId=0x87fe555d3a25de9a oldFrame=200.0,404.5 459.5x335.5 targetFrame=200.0,404.5 459.5x335.5 shouldHide=0 revealReady=1 hostedHidden=0 entryCount=3
2026-06-12T18:15:43.051Z seq=178 t+2194749.795ms thread=main portal: bind.before hostedId=0x7a7c66ea02f41036 anchorId=0x33773549f7f9205c anchorWindowNumber=67831 anchorSuperviewPtr=0x0000000a2fa2c380 visibleInUI=0 prevHostedIdForAnchor=nil prevEntryHostedViewPtr=nil entryCount=3
2026-06-12T18:15:43.053Z seq=179 t+2194751.713ms thread=main portal: sync.result hostedId=0x7a7c66ea02f41036 oldFrame=200.0,606.5 229.5x133.5 targetFrame=200.0,606.5 229.5x133.5 shouldHide=1 revealReady=1 hostedHidden=1 entryCount=3
2026-06-12T18:15:43.054Z seq=180 t+2194751.937ms thread=main portal: bind.after hostedId=0x7a7c66ea02f41036 anchorId=0x33773549f7f9205c seededFrame=200.0,606.5 229.5x133.5 superviewIsHostView=1 entryCount=3
2026-06-12T18:15:43.111Z seq=181 t+2194809.167ms thread=main portal: bind.before hostedId=0x7a7c66ea02f41036 anchorId=0x33773549f7f9205c anchorWindowNumber=67831 anchorSuperviewPtr=0x0000000a2fa2c380 visibleInUI=0 prevHostedIdForAnchor=0x7a7c66ea02f41036 prevEntryHostedViewPtr=0x0000000a31e36680 entryCount=3
2026-06-12T18:15:43.111Z seq=182 t+2194809.760ms thread=main portal: sync.result hostedId=0x7a7c66ea02f41036 oldFrame=200.0,606.5 229.5x133.5 targetFrame=200.0,606.5 229.5x133.5 shouldHide=1 revealReady=1 hostedHidden=1 entryCount=3
2026-06-12T18:15:43.112Z seq=183 t+2194809.950ms thread=main portal: bind.after hostedId=0x7a7c66ea02f41036 anchorId=0x33773549f7f9205c seededFrame=200.0,606.5 229.5x133.5 superviewIsHostView=1 entryCount=3
2026-06-12T18:15:43.847Z seq=184 t+2195545.217ms thread=main portal: sync.result hostedId=0x7a7c66ea02f41036 oldFrame=200.0,606.5 229.5x133.5 targetFrame=200.0,606.5 229.5x133.5 shouldHide=1 revealReady=1 hostedHidden=1 entryCount=3
2026-06-12T18:15:43.894Z seq=185 t+2195592.171ms thread=main portal: geom.external windowNumber=67831 trigger=hostGeometryRevision entryCount=3
2026-06-12T18:15:43.894Z seq=186 t+2195592.574ms thread=main portal: sync.result hostedId=0xdf39c20f5a49fcb1 oldFrame=660.5,0.0 459.5x335.5 targetFrame=660.5,0.0 459.5x335.5 shouldHide=0 revealReady=1 hostedHidden=0 entryCount=3
2026-06-12T18:15:43.894Z seq=187 t+2195592.818ms thread=main portal: sync.result hostedId=0x7a7c66ea02f41036 oldFrame=200.0,606.5 229.5x133.5 targetFrame=200.0,606.5 229.5x133.5 shouldHide=1 revealReady=1 hostedHidden=1 entryCount=3
2026-06-12T18:15:43.895Z seq=188 t+2195593.055ms thread=main portal: sync.result hostedId=0x87fe555d3a25de9a oldFrame=200.0,404.5 459.5x335.5 targetFrame=200.0,404.5 459.5x335.5 shouldHide=0 revealReady=1 hostedHidden=0 entryCount=3
2026-06-12T18:16:07.247Z seq=189 t+2218945.530ms thread=main portal: hideEntry hostedId=0x87fe555d3a25de9a anchorId=0xbc922893e3e8cb99 entryCount=3
2026-06-12T18:16:07.248Z seq=190 t+2218946.327ms thread=main portal: hideEntry hostedId=0xdf39c20f5a49fcb1 anchorId=0x8a78507883c9442d entryCount=3
2026-06-12T18:16:07.759Z seq=191 t+2219457.176ms thread=main portal: bind.before hostedId=0x87fe555d3a25de9a anchorId=0xbc8420f388232884 anchorWindowNumber=67831 anchorSuperviewPtr=0x0000000a31e37b80 visibleInUI=0 prevHostedIdForAnchor=nil prevEntryHostedViewPtr=nil entryCount=3
2026-06-12T18:16:07.759Z seq=192 t+2219457.982ms thread=main portal: sync.result hostedId=0x87fe555d3a25de9a oldFrame=200.0,404.5 459.5x335.5 targetFrame=200.0,404.5 459.5x335.5 shouldHide=1 revealReady=1 hostedHidden=1 entryCount=3
2026-06-12T18:16:07.760Z seq=193 t+2219458.196ms thread=main portal: bind.after hostedId=0x87fe555d3a25de9a anchorId=0xbc8420f388232884 seededFrame=200.0,404.5 459.5x335.5 superviewIsHostView=1 entryCount=3
2026-06-12T18:16:07.771Z seq=194 t+2219469.117ms thread=main portal: bind.before hostedId=0xdf39c20f5a49fcb1 anchorId=0xa09b2265dd391447 anchorWindowNumber=67831 anchorSuperviewPtr=0x0000000a31938700 visibleInUI=0 prevHostedIdForAnchor=nil prevEntryHostedViewPtr=nil entryCount=3
2026-06-12T18:16:07.771Z seq=195 t+2219469.749ms thread=main portal: sync.result hostedId=0xdf39c20f5a49fcb1 oldFrame=660.5,0.0 459.5x335.5 targetFrame=660.5,0.0 459.5x335.5 shouldHide=1 revealReady=1 hostedHidden=1 entryCount=3
2026-06-12T18:16:07.771Z seq=196 t+2219470.003ms thread=main portal: bind.after hostedId=0xdf39c20f5a49fcb1 anchorId=0xa09b2265dd391447 seededFrame=660.5,0.0 459.5x335.5 superviewIsHostView=1 entryCount=3
2026-06-12T18:16:07.840Z seq=197 t+2219538.389ms thread=main portal: bind.before hostedId=0x7a7c66ea02f41036 anchorId=0x33773549f7f9205c anchorWindowNumber=67831 anchorSuperviewPtr=0x0000000a2fa2c380 visibleInUI=1 prevHostedIdForAnchor=0x7a7c66ea02f41036 prevEntryHostedViewPtr=0x0000000a31e36680 entryCount=3
2026-06-12T18:16:07.841Z seq=198 t+2219539.613ms thread=main portal: sync.result hostedId=0x7a7c66ea02f41036 oldFrame=200.0,606.5 229.5x133.5 targetFrame=200.0,606.5 229.5x133.5 shouldHide=0 revealReady=1 hostedHidden=0 entryCount=3
2026-06-12T18:16:07.841Z seq=199 t+2219539.767ms thread=main portal: bind.after hostedId=0x7a7c66ea02f41036 anchorId=0x33773549f7f9205c seededFrame=200.0,606.5 229.5x133.5 superviewIsHostView=1 entryCount=3
2026-06-12T18:16:08.091Z seq=200 t+2219789.213ms thread=main portal: bind.before hostedId=0x7a7c66ea02f41036 anchorId=0x33773549f7f9205c anchorWindowNumber=67831 anchorSuperviewPtr=0x0000000a2fa2c380 visibleInUI=1 prevHostedIdForAnchor=0x7a7c66ea02f41036 prevEntryHostedViewPtr=0x0000000a31e36680 entryCount=3
2026-06-12T18:16:08.092Z seq=201 t+2219790.437ms thread=main portal: sync.result hostedId=0x7a7c66ea02f41036 oldFrame=200.0,606.5 229.5x133.5 targetFrame=200.0,606.5 229.5x133.5 shouldHide=0 revealReady=1 hostedHidden=0 entryCount=3
2026-06-12T18:16:08.092Z seq=202 t+2219790.721ms thread=main portal: bind.after hostedId=0x7a7c66ea02f41036 anchorId=0x33773549f7f9205c seededFrame=200.0,606.5 229.5x133.5 superviewIsHostView=1 entryCount=3
2026-06-12T18:16:08.554Z seq=203 t+2220252.815ms thread=main portal: sync.skip.orphan hostedId=0x87fe555d3a25de9a anchorWindow=nil visibleInUI=1 frame=200.0,404.5 459.5x335.5 reason=anchorWindowMismatch
2026-06-12T18:16:08.555Z seq=204 t+2220253.637ms thread=main portal: sync.skip.orphan hostedId=0xdf39c20f5a49fcb1 anchorWindow=nil visibleInUI=1 frame=660.5,0.0 459.5x335.5 reason=anchorWindowMismatch
2026-06-12T18:16:08.556Z seq=205 t+2220254.366ms thread=main portal: sync.result hostedId=0x7a7c66ea02f41036 oldFrame=200.0,606.5 229.5x133.5 targetFrame=200.0,606.5 229.5x133.5 shouldHide=0 revealReady=1 hostedHidden=0 entryCount=3
2026-06-12T18:16:08.843Z seq=206 t+2220541.282ms thread=main portal: geom.external windowNumber=67831 trigger=hostGeometryRevision entryCount=3
2026-06-12T18:16:08.843Z seq=207 t+2220541.637ms thread=main portal: orphan.hide hostedId=0xdf39c20f5a49fcb1 anchorId=nil anchor=deallocated frame=660.5,0.0 459.5x335.5 entryCount=3
2026-06-12T18:16:08.843Z seq=208 t+2220541.776ms thread=main portal: orphan.hide hostedId=0x87fe555d3a25de9a anchorId=nil anchor=deallocated frame=200.0,404.5 459.5x335.5 entryCount=3
2026-06-12T18:16:08.843Z seq=209 t+2220541.937ms thread=main portal: detach hostedId=0xdf39c20f5a49fcb1 anchorId=nil hadSuperview=1 entryCount=2
2026-06-12T18:16:08.844Z seq=210 t+2220542.973ms thread=main portal: detach hostedId=0x87fe555d3a25de9a anchorId=nil hadSuperview=1 entryCount=1
2026-06-12T18:16:08.845Z seq=211 t+2220543.837ms thread=main portal: sync.result hostedId=0x7a7c66ea02f41036 oldFrame=200.0,606.5 229.5x133.5 targetFrame=200.0,606.5 229.5x133.5 shouldHide=0 revealReady=1 hostedHidden=0 entryCount=1
