# C11-132 AFTER capture (fix 4617e3b02, tag c11-132, 2026-06-12T18:24:59Z)
# Setup: fresh workspace 'C11-132 after' + 4 browser panes (example.com) via socket; C11_PORTAL_LOG=/tmp/c11-portal-132.log.
# Log quiescent at 283 lines after pane creation. Idle CPU with 4 browser panes: ~2.0% (samples 2.0/1.9/2.2/1.8/2.3).
# Killed WebContent pid 76627 at 2026-06-12T18:23:47Z; replacement 82193 spawned; page recovered.
# Remount window: 16 lines, 32ms wall, then fully quiescent (no further lines over 45s).
# Key line: browser.deferredSync.run count=1 — deferred tick re-synced ONLY the dirty webview, not all 5 entries.
#
2026-06-12T18:22:23.394Z seq=1 t+-0.000ms thread=main portal: bind.before hostedId=0x37eb89396ec11a8c anchorId=0x997ad2261e0a5a9b anchorWindowNumber=68194 anchorSuperviewPtr=0x0000000afbb6b480 visibleInUI=1 prevHostedIdForAnchor=nil prevEntryHostedViewPtr=nil entryCount=0
2026-06-12T18:22:23.840Z seq=2 t+446.474ms thread=main portal: sync.result hostedId=0x37eb89396ec11a8c oldFrame=200.0,0.0 920.0x740.0 targetFrame=200.0,0.0 920.0x740.0 shouldHide=0 revealReady=1 hostedHidden=0 entryCount=1
2026-06-12T18:22:23.840Z seq=3 t+446.756ms thread=main portal: bind.after hostedId=0x37eb89396ec11a8c anchorId=0x997ad2261e0a5a9b seededFrame=200.0,0.0 920.0x740.0 superviewIsHostView=1 entryCount=1
2026-06-12T18:22:24.291Z seq=4 t+897.335ms thread=main portal: bind.before hostedId=0x37eb89396ec11a8c anchorId=0x28a399aaff959a82 anchorWindowNumber=68194 anchorSuperviewPtr=0x0000000afb0ed180 visibleInUI=1 prevHostedIdForAnchor=nil prevEntryHostedViewPtr=nil entryCount=1
2026-06-12T18:22:24.293Z seq=5 t+899.886ms thread=main portal: sync.result hostedId=0x37eb89396ec11a8c oldFrame=200.0,404.5 459.5x335.5 targetFrame=200.0,404.5 459.5x335.5 shouldHide=0 revealReady=1 hostedHidden=0 entryCount=1
2026-06-12T18:22:24.294Z seq=6 t+900.545ms thread=main portal: bind.after hostedId=0x37eb89396ec11a8c anchorId=0x28a399aaff959a82 seededFrame=200.0,404.5 459.5x335.5 superviewIsHostView=1 entryCount=1
2026-06-12T18:22:24.301Z seq=7 t+907.372ms thread=main portal: browser.bind.before webViewId=0x3c5b9163834d3596 anchorId=0x7fbfccbfc8a98a57 anchorWindowNumber=68194 visibleInUI=1 prevAnchorId=nil entryCount=0
2026-06-12T18:22:24.311Z seq=8 t+917.689ms thread=main portal: browser.sync.result webViewId=0x3c5b9163834d3596 source=bind oldFrame=0.0,0.0 0.0x0.0 targetFrame=660.5,404.5 459.5x301.5 shouldHide=0 containerHidden=0 entryCount=1
2026-06-12T18:22:24.312Z seq=9 t+917.961ms thread=main portal: browser.bind.after webViewId=0x3c5b9163834d3596 anchorId=0x7fbfccbfc8a98a57 seededFrame=660.5,404.5 459.5x301.5 containerInHostView=1 entryCount=1
2026-06-12T18:22:24.312Z seq=10 t+918.788ms thread=main portal: browser.sync.result webViewId=0x3c5b9163834d3596 source=anchorPrimary oldFrame=660.5,404.5 459.5x301.5 targetFrame=660.5,404.5 459.5x301.5 shouldHide=0 containerHidden=0 entryCount=1
2026-06-12T18:22:24.313Z seq=11 t+919.066ms thread=main portal: browser.bind.before webViewId=0x3c5b9163834d3596 anchorId=0x7fbfccbfc8a98a57 anchorWindowNumber=68194 visibleInUI=1 prevAnchorId=0x7fbfccbfc8a98a57 entryCount=1
2026-06-12T18:22:24.313Z seq=12 t+919.335ms thread=main portal: browser.sync.result webViewId=0x3c5b9163834d3596 source=bind oldFrame=660.5,404.5 459.5x301.5 targetFrame=660.5,404.5 459.5x301.5 shouldHide=0 containerHidden=0 entryCount=1
2026-06-12T18:22:24.313Z seq=13 t+919.539ms thread=main portal: browser.bind.after webViewId=0x3c5b9163834d3596 anchorId=0x7fbfccbfc8a98a57 seededFrame=660.5,404.5 459.5x301.5 containerInHostView=1 entryCount=1
2026-06-12T18:22:24.315Z seq=14 t+921.259ms thread=main portal: bind.before hostedId=0x3fc6625fa9f8e66 anchorId=0xbfb4b18cf49d5186 anchorWindowNumber=68194 anchorSuperviewPtr=0x0000000afc47b800 visibleInUI=1 prevHostedIdForAnchor=nil prevEntryHostedViewPtr=nil entryCount=1
2026-06-12T18:22:24.350Z seq=15 t+956.258ms thread=main portal: sync.result hostedId=0x3fc6625fa9f8e66 oldFrame=660.5,0.0 459.5x335.5 targetFrame=660.5,0.0 459.5x335.5 shouldHide=0 revealReady=1 hostedHidden=0 entryCount=2
2026-06-12T18:22:24.350Z seq=16 t+956.584ms thread=main portal: bind.after hostedId=0x3fc6625fa9f8e66 anchorId=0xbfb4b18cf49d5186 seededFrame=660.5,0.0 459.5x335.5 superviewIsHostView=1 entryCount=2
2026-06-12T18:22:25.454Z seq=17 t+2060.300ms thread=main portal: sync.result hostedId=0x3fc6625fa9f8e66 oldFrame=660.5,0.0 459.5x335.5 targetFrame=660.5,0.0 459.5x335.5 shouldHide=0 revealReady=1 hostedHidden=0 entryCount=2
2026-06-12T18:22:25.454Z seq=18 t+2060.712ms thread=main portal: sync.result hostedId=0x37eb89396ec11a8c oldFrame=200.0,404.5 459.5x335.5 targetFrame=200.0,404.5 459.5x335.5 shouldHide=0 revealReady=1 hostedHidden=0 entryCount=2
2026-06-12T18:22:25.485Z seq=19 t+2091.335ms thread=main portal: browser.deferredSync.run count=1 entryCount=1
2026-06-12T18:22:25.485Z seq=20 t+2091.877ms thread=main portal: browser.sync.result webViewId=0x3c5b9163834d3596 source=deferredTick oldFrame=660.5,404.5 459.5x301.5 targetFrame=660.5,404.5 459.5x301.5 shouldHide=0 containerHidden=0 entryCount=1
2026-06-12T18:22:25.921Z seq=21 t+2527.461ms thread=main portal: geom.external windowNumber=68194 trigger=frameDidChange entryCount=2
2026-06-12T18:22:25.922Z seq=22 t+2527.955ms thread=main portal: sync.result hostedId=0x3fc6625fa9f8e66 oldFrame=660.5,0.0 459.5x335.5 targetFrame=660.5,0.0 459.5x335.5 shouldHide=0 revealReady=1 hostedHidden=0 entryCount=2
2026-06-12T18:22:25.922Z seq=23 t+2528.200ms thread=main portal: sync.result hostedId=0x37eb89396ec11a8c oldFrame=200.0,404.5 459.5x335.5 targetFrame=200.0,404.5 459.5x335.5 shouldHide=0 revealReady=1 hostedHidden=0 entryCount=2
2026-06-12T18:22:26.034Z seq=24 t+2640.095ms thread=main portal: browser.geom.external windowNumber=68194 trigger=splitViewDidResize entryCount=1
2026-06-12T18:22:26.204Z seq=25 t+2810.646ms thread=main portal: browser.sync.result webViewId=0x3c5b9163834d3596 source=externalGeometry oldFrame=660.5,404.5 459.5x301.5 targetFrame=660.5,404.5 459.5x301.5 shouldHide=0 containerHidden=0 entryCount=1
2026-06-12T18:22:40.275Z seq=26 t+16881.356ms thread=main portal: bind.before hostedId=0x38ea6d78e9b9ebd6 anchorId=0x1d511170fb740ac9 anchorWindowNumber=68194 anchorSuperviewPtr=0x0000000afbf42d80 visibleInUI=0 prevHostedIdForAnchor=nil prevEntryHostedViewPtr=nil entryCount=2
2026-06-12T18:22:40.294Z seq=27 t+16900.354ms thread=main portal: sync.result hostedId=0x38ea6d78e9b9ebd6 oldFrame=200.0,0.0 920.0x740.0 targetFrame=200.0,0.0 920.0x740.0 shouldHide=1 revealReady=1 hostedHidden=1 entryCount=3
2026-06-12T18:22:40.294Z seq=28 t+16900.503ms thread=main portal: bind.after hostedId=0x38ea6d78e9b9ebd6 anchorId=0x1d511170fb740ac9 seededFrame=200.0,0.0 920.0x740.0 superviewIsHostView=1 entryCount=3
2026-06-12T18:22:40.506Z seq=29 t+17112.517ms thread=main portal: sync.result hostedId=0x38ea6d78e9b9ebd6 oldFrame=200.0,0.0 920.0x740.0 targetFrame=200.0,0.0 920.0x740.0 shouldHide=1 revealReady=1 hostedHidden=1 entryCount=3
2026-06-12T18:22:40.517Z seq=30 t+17123.706ms thread=main portal: geom.external windowNumber=68194 trigger=hostGeometryRevision entryCount=3
2026-06-12T18:22:40.518Z seq=31 t+17123.997ms thread=main portal: sync.result hostedId=0x38ea6d78e9b9ebd6 oldFrame=200.0,0.0 920.0x740.0 targetFrame=200.0,0.0 920.0x740.0 shouldHide=1 revealReady=1 hostedHidden=1 entryCount=3
2026-06-12T18:22:40.518Z seq=32 t+17124.179ms thread=main portal: sync.result hostedId=0x3fc6625fa9f8e66 oldFrame=660.5,0.0 459.5x335.5 targetFrame=660.5,0.0 459.5x335.5 shouldHide=0 revealReady=1 hostedHidden=0 entryCount=3
2026-06-12T18:22:40.518Z seq=33 t+17124.338ms thread=main portal: sync.result hostedId=0x37eb89396ec11a8c oldFrame=200.0,404.5 459.5x335.5 targetFrame=200.0,404.5 459.5x335.5 shouldHide=0 revealReady=1 hostedHidden=0 entryCount=3
2026-06-12T18:22:47.564Z seq=34 t+24170.417ms thread=main portal: bind.before hostedId=0x38ea6d78e9b9ebd6 anchorId=0xa6c948c3b33fb426 anchorWindowNumber=68194 anchorSuperviewPtr=0x0000000afbb6b480 visibleInUI=0 prevHostedIdForAnchor=nil prevEntryHostedViewPtr=nil entryCount=3
2026-06-12T18:22:47.565Z seq=35 t+24171.385ms thread=main portal: sync.result hostedId=0x38ea6d78e9b9ebd6 oldFrame=200.0,0.0 459.5x740.0 targetFrame=200.0,0.0 459.5x740.0 shouldHide=1 revealReady=1 hostedHidden=1 entryCount=3
2026-06-12T18:22:47.565Z seq=36 t+24171.487ms thread=main portal: bind.after hostedId=0x38ea6d78e9b9ebd6 anchorId=0xa6c948c3b33fb426 seededFrame=200.0,0.0 459.5x740.0 superviewIsHostView=1 entryCount=3
2026-06-12T18:22:47.570Z seq=37 t+24176.469ms thread=main portal: bind.before hostedId=0x38ea6d78e9b9ebd6 anchorId=0xa6c948c3b33fb426 anchorWindowNumber=68194 anchorSuperviewPtr=0x0000000afbb6b480 visibleInUI=0 prevHostedIdForAnchor=0x38ea6d78e9b9ebd6 prevEntryHostedViewPtr=0x0000000afc4f9500 entryCount=3
2026-06-12T18:22:47.571Z seq=38 t+24176.925ms thread=main portal: sync.result hostedId=0x38ea6d78e9b9ebd6 oldFrame=200.0,0.0 459.5x740.0 targetFrame=200.0,0.0 459.5x740.0 shouldHide=1 revealReady=1 hostedHidden=1 entryCount=3
2026-06-12T18:22:47.571Z seq=39 t+24177.018ms thread=main portal: bind.after hostedId=0x38ea6d78e9b9ebd6 anchorId=0xa6c948c3b33fb426 seededFrame=200.0,0.0 459.5x740.0 superviewIsHostView=1 entryCount=3
2026-06-12T18:22:47.572Z seq=40 t+24178.099ms thread=main portal: browser.bind.before webViewId=0xaf9553ef0cbd7f97 anchorId=0x8dfcaa0e86415303 anchorWindowNumber=68194 visibleInUI=0 prevAnchorId=nil entryCount=1
2026-06-12T18:22:47.573Z seq=41 t+24179.319ms thread=main portal: browser.sync.result webViewId=0xaf9553ef0cbd7f97 source=bind oldFrame=0.0,0.0 0.0x0.0 targetFrame=660.5,0.0 459.5x706.0 shouldHide=1 containerHidden=1 entryCount=2
2026-06-12T18:22:47.573Z seq=42 t+24179.512ms thread=main portal: browser.bind.after webViewId=0xaf9553ef0cbd7f97 anchorId=0x8dfcaa0e86415303 seededFrame=660.5,0.0 459.5x706.0 containerInHostView=1 entryCount=2
2026-06-12T18:22:47.573Z seq=43 t+24179.722ms thread=main portal: browser.sync.result webViewId=0xaf9553ef0cbd7f97 source=anchorPrimary oldFrame=660.5,0.0 459.5x706.0 targetFrame=660.5,0.0 459.5x706.0 shouldHide=1 containerHidden=1 entryCount=2
2026-06-12T18:22:47.574Z seq=44 t+24179.923ms thread=main portal: browser.sync.result webViewId=0x3c5b9163834d3596 source=anchorSecondary oldFrame=660.5,404.5 459.5x301.5 targetFrame=660.5,404.5 459.5x301.5 shouldHide=0 containerHidden=0 entryCount=2
2026-06-12T18:22:47.574Z seq=45 t+24180.073ms thread=main portal: browser.bind.before webViewId=0xaf9553ef0cbd7f97 anchorId=0x8dfcaa0e86415303 anchorWindowNumber=68194 visibleInUI=0 prevAnchorId=0x8dfcaa0e86415303 entryCount=2
2026-06-12T18:22:47.574Z seq=46 t+24180.223ms thread=main portal: browser.sync.result webViewId=0xaf9553ef0cbd7f97 source=bind oldFrame=660.5,0.0 459.5x706.0 targetFrame=660.5,0.0 459.5x706.0 shouldHide=1 containerHidden=1 entryCount=2
2026-06-12T18:22:47.574Z seq=47 t+24180.344ms thread=main portal: browser.bind.after webViewId=0xaf9553ef0cbd7f97 anchorId=0x8dfcaa0e86415303 seededFrame=660.5,0.0 459.5x706.0 containerInHostView=1 entryCount=2
2026-06-12T18:22:47.587Z seq=48 t+24193.387ms thread=main portal: browser.sync.result webViewId=0xaf9553ef0cbd7f97 source=viewStateChanged.hidden oldFrame=660.5,0.0 459.5x706.0 targetFrame=660.5,0.0 459.5x706.0 shouldHide=1 containerHidden=1 entryCount=2
2026-06-12T18:22:47.742Z seq=49 t+24348.123ms thread=main portal: browser.sync.result webViewId=0xaf9553ef0cbd7f97 source=forceRefresh oldFrame=660.5,0.0 459.5x706.0 targetFrame=660.5,0.0 459.5x706.0 shouldHide=1 containerHidden=1 entryCount=2
2026-06-12T18:22:47.742Z seq=50 t+24348.812ms thread=main portal: browser.sync.result webViewId=0xaf9553ef0cbd7f97 source=forceRefresh oldFrame=660.5,0.0 459.5x706.0 targetFrame=660.5,0.0 459.5x706.0 shouldHide=1 containerHidden=1 entryCount=2
2026-06-12T18:22:47.839Z seq=51 t+24445.384ms thread=main portal: sync.result hostedId=0x38ea6d78e9b9ebd6 oldFrame=200.0,0.0 459.5x740.0 targetFrame=200.0,0.0 459.5x740.0 shouldHide=1 revealReady=1 hostedHidden=1 entryCount=3
2026-06-12T18:22:47.839Z seq=52 t+24445.558ms thread=main portal: browser.deferredSync.run count=1 entryCount=2
2026-06-12T18:22:47.839Z seq=53 t+24445.765ms thread=main portal: browser.sync.result webViewId=0xaf9553ef0cbd7f97 source=deferredTick oldFrame=660.5,0.0 459.5x706.0 targetFrame=660.5,0.0 459.5x706.0 shouldHide=1 containerHidden=1 entryCount=2
2026-06-12T18:22:47.852Z seq=54 t+24458.047ms thread=main portal: geom.external windowNumber=68194 trigger=hostGeometryRevision entryCount=3
2026-06-12T18:22:47.852Z seq=55 t+24458.329ms thread=main portal: sync.result hostedId=0x38ea6d78e9b9ebd6 oldFrame=200.0,0.0 459.5x740.0 targetFrame=200.0,0.0 459.5x740.0 shouldHide=1 revealReady=1 hostedHidden=1 entryCount=3
2026-06-12T18:22:47.852Z seq=56 t+24458.498ms thread=main portal: sync.result hostedId=0x3fc6625fa9f8e66 oldFrame=660.5,0.0 459.5x335.5 targetFrame=660.5,0.0 459.5x335.5 shouldHide=0 revealReady=1 hostedHidden=0 entryCount=3
2026-06-12T18:22:47.852Z seq=57 t+24458.695ms thread=main portal: sync.result hostedId=0x37eb89396ec11a8c oldFrame=200.0,404.5 459.5x335.5 targetFrame=200.0,404.5 459.5x335.5 shouldHide=0 revealReady=1 hostedHidden=0 entryCount=3
2026-06-12T18:22:47.853Z seq=58 t+24459.436ms thread=main portal: browser.deferredSync.run count=1 entryCount=2
2026-06-12T18:22:47.853Z seq=59 t+24459.634ms thread=main portal: browser.sync.result webViewId=0xaf9553ef0cbd7f97 source=deferredTick oldFrame=660.5,0.0 459.5x706.0 targetFrame=660.5,0.0 459.5x706.0 shouldHide=1 containerHidden=1 entryCount=2
2026-06-12T18:22:47.854Z seq=60 t+24459.871ms thread=main portal: browser.geom.external windowNumber=68194 trigger=splitViewDidResize entryCount=2
2026-06-12T18:22:47.854Z seq=61 t+24460.032ms thread=main portal: browser.sync.result webViewId=0x3c5b9163834d3596 source=externalGeometry oldFrame=660.5,404.5 459.5x301.5 targetFrame=660.5,404.5 459.5x301.5 shouldHide=0 containerHidden=0 entryCount=2
2026-06-12T18:22:47.854Z seq=62 t+24460.186ms thread=main portal: browser.sync.result webViewId=0xaf9553ef0cbd7f97 source=externalGeometry oldFrame=660.5,0.0 459.5x706.0 targetFrame=660.5,0.0 459.5x706.0 shouldHide=1 containerHidden=1 entryCount=2
2026-06-12T18:22:47.855Z seq=63 t+24461.109ms thread=main portal: browser.deferredSync.run count=1 entryCount=2
2026-06-12T18:22:47.855Z seq=64 t+24461.299ms thread=main portal: browser.sync.result webViewId=0xaf9553ef0cbd7f97 source=deferredTick oldFrame=660.5,0.0 459.5x706.0 targetFrame=660.5,0.0 459.5x706.0 shouldHide=1 containerHidden=1 entryCount=2
2026-06-12T18:22:47.873Z seq=65 t+24479.406ms thread=main portal: browser.deferredSync.run count=1 entryCount=2
2026-06-12T18:22:47.873Z seq=66 t+24479.753ms thread=main portal: browser.sync.result webViewId=0xaf9553ef0cbd7f97 source=deferredTick oldFrame=660.5,0.0 459.5x706.0 targetFrame=660.5,0.0 459.5x706.0 shouldHide=1 containerHidden=1 entryCount=2
2026-06-12T18:22:47.875Z seq=67 t+24481.202ms thread=main portal: browser.deferredSync.run count=1 entryCount=2
2026-06-12T18:22:47.875Z seq=68 t+24481.606ms thread=main portal: browser.sync.result webViewId=0xaf9553ef0cbd7f97 source=deferredTick oldFrame=660.5,0.0 459.5x706.0 targetFrame=660.5,0.0 459.5x706.0 shouldHide=1 containerHidden=1 entryCount=2
2026-06-12T18:22:47.875Z seq=69 t+24481.839ms thread=main portal: browser.deferredSync.run count=1 entryCount=2
2026-06-12T18:22:47.876Z seq=70 t+24482.020ms thread=main portal: browser.sync.result webViewId=0xaf9553ef0cbd7f97 source=deferredTick oldFrame=660.5,0.0 459.5x706.0 targetFrame=660.5,0.0 459.5x706.0 shouldHide=1 containerHidden=1 entryCount=2
2026-06-12T18:22:47.877Z seq=71 t+24483.047ms thread=main portal: browser.deferredSync.run count=1 entryCount=2
2026-06-12T18:22:47.877Z seq=72 t+24483.231ms thread=main portal: browser.sync.result webViewId=0xaf9553ef0cbd7f97 source=deferredTick oldFrame=660.5,0.0 459.5x706.0 targetFrame=660.5,0.0 459.5x706.0 shouldHide=1 containerHidden=1 entryCount=2
2026-06-12T18:22:47.877Z seq=73 t+24483.357ms thread=main portal: browser.deferredSync.run count=1 entryCount=2
2026-06-12T18:22:47.877Z seq=74 t+24483.506ms thread=main portal: browser.sync.result webViewId=0xaf9553ef0cbd7f97 source=deferredTick oldFrame=660.5,0.0 459.5x706.0 targetFrame=660.5,0.0 459.5x706.0 shouldHide=1 containerHidden=1 entryCount=2
2026-06-12T18:22:47.877Z seq=75 t+24483.632ms thread=main portal: browser.deferredSync.run count=1 entryCount=2
2026-06-12T18:22:47.877Z seq=76 t+24483.787ms thread=main portal: browser.sync.result webViewId=0xaf9553ef0cbd7f97 source=deferredTick oldFrame=660.5,0.0 459.5x706.0 targetFrame=660.5,0.0 459.5x706.0 shouldHide=1 containerHidden=1 entryCount=2
2026-06-12T18:22:48.091Z seq=77 t+24697.627ms thread=main portal: bind.before hostedId=0x38ea6d78e9b9ebd6 anchorId=0x8d4c7e4bd77526f2 anchorWindowNumber=68194 anchorSuperviewPtr=0x0000000afc8dd180 visibleInUI=0 prevHostedIdForAnchor=nil prevEntryHostedViewPtr=nil entryCount=3
2026-06-12T18:22:48.092Z seq=78 t+24698.574ms thread=main portal: sync.result hostedId=0x38ea6d78e9b9ebd6 oldFrame=200.0,0.0 229.5x740.0 targetFrame=200.0,0.0 229.5x740.0 shouldHide=1 revealReady=1 hostedHidden=1 entryCount=3
2026-06-12T18:22:48.092Z seq=79 t+24698.668ms thread=main portal: bind.after hostedId=0x38ea6d78e9b9ebd6 anchorId=0x8d4c7e4bd77526f2 seededFrame=200.0,0.0 229.5x740.0 superviewIsHostView=1 entryCount=3
2026-06-12T18:22:48.108Z seq=80 t+24714.005ms thread=main portal: bind.before hostedId=0x38ea6d78e9b9ebd6 anchorId=0x8d4c7e4bd77526f2 anchorWindowNumber=68194 anchorSuperviewPtr=0x0000000afc8dd180 visibleInUI=0 prevHostedIdForAnchor=0x38ea6d78e9b9ebd6 prevEntryHostedViewPtr=0x0000000afc4f9500 entryCount=3
2026-06-12T18:22:48.108Z seq=81 t+24714.503ms thread=main portal: sync.result hostedId=0x38ea6d78e9b9ebd6 oldFrame=200.0,0.0 229.5x740.0 targetFrame=200.0,0.0 229.5x740.0 shouldHide=1 revealReady=1 hostedHidden=1 entryCount=3
2026-06-12T18:22:48.108Z seq=82 t+24714.604ms thread=main portal: bind.after hostedId=0x38ea6d78e9b9ebd6 anchorId=0x8d4c7e4bd77526f2 seededFrame=200.0,0.0 229.5x740.0 superviewIsHostView=1 entryCount=3
2026-06-12T18:22:48.109Z seq=83 t+24715.494ms thread=main portal: browser.bind.before webViewId=0xb710e71b081920ac anchorId=0xb5ae00d6e7fe61e1 anchorWindowNumber=68194 visibleInUI=0 prevAnchorId=nil entryCount=2
2026-06-12T18:22:48.110Z seq=84 t+24716.541ms thread=main portal: browser.sync.result webViewId=0xb710e71b081920ac source=bind oldFrame=0.0,0.0 0.0x0.0 targetFrame=430.5,0.0 229.0x706.0 shouldHide=1 containerHidden=1 entryCount=3
2026-06-12T18:22:48.110Z seq=85 t+24716.730ms thread=main portal: browser.bind.after webViewId=0xb710e71b081920ac anchorId=0xb5ae00d6e7fe61e1 seededFrame=430.5,0.0 229.0x706.0 containerInHostView=1 entryCount=3
2026-06-12T18:22:48.111Z seq=86 t+24716.934ms thread=main portal: browser.sync.result webViewId=0xb710e71b081920ac source=anchorPrimary oldFrame=430.5,0.0 229.0x706.0 targetFrame=430.5,0.0 229.0x706.0 shouldHide=1 containerHidden=1 entryCount=3
2026-06-12T18:22:48.111Z seq=87 t+24717.118ms thread=main portal: browser.sync.result webViewId=0x3c5b9163834d3596 source=anchorSecondary oldFrame=660.5,404.5 459.5x301.5 targetFrame=660.5,404.5 459.5x301.5 shouldHide=0 containerHidden=0 entryCount=3
2026-06-12T18:22:48.111Z seq=88 t+24717.284ms thread=main portal: browser.sync.result webViewId=0xaf9553ef0cbd7f97 source=anchorSecondary oldFrame=660.5,0.0 459.5x706.0 targetFrame=660.5,0.0 459.5x706.0 shouldHide=1 containerHidden=1 entryCount=3
2026-06-12T18:22:48.111Z seq=89 t+24717.438ms thread=main portal: browser.bind.before webViewId=0xb710e71b081920ac anchorId=0xb5ae00d6e7fe61e1 anchorWindowNumber=68194 visibleInUI=0 prevAnchorId=0xb5ae00d6e7fe61e1 entryCount=3
2026-06-12T18:22:48.111Z seq=90 t+24717.579ms thread=main portal: browser.sync.result webViewId=0xb710e71b081920ac source=bind oldFrame=430.5,0.0 229.0x706.0 targetFrame=430.5,0.0 229.0x706.0 shouldHide=1 containerHidden=1 entryCount=3
2026-06-12T18:22:48.111Z seq=91 t+24717.700ms thread=main portal: browser.bind.after webViewId=0xb710e71b081920ac anchorId=0xb5ae00d6e7fe61e1 seededFrame=430.5,0.0 229.0x706.0 containerInHostView=1 entryCount=3
2026-06-12T18:22:48.124Z seq=92 t+24730.155ms thread=main portal: browser.sync.result webViewId=0xb710e71b081920ac source=viewStateChanged.hidden oldFrame=430.5,0.0 229.0x706.0 targetFrame=430.5,0.0 229.0x706.0 shouldHide=1 containerHidden=1 entryCount=3
2026-06-12T18:22:48.292Z seq=93 t+24898.306ms thread=main portal: browser.sync.result webViewId=0xb710e71b081920ac source=forceRefresh oldFrame=430.5,0.0 229.0x706.0 targetFrame=430.5,0.0 229.0x706.0 shouldHide=1 containerHidden=1 entryCount=3
2026-06-12T18:22:48.292Z seq=94 t+24898.555ms thread=main portal: browser.sync.result webViewId=0xaf9553ef0cbd7f97 source=forceRefresh oldFrame=660.5,0.0 459.5x706.0 targetFrame=660.5,0.0 459.5x706.0 shouldHide=1 containerHidden=1 entryCount=3
2026-06-12T18:22:48.293Z seq=95 t+24899.357ms thread=main portal: browser.sync.result webViewId=0xb710e71b081920ac source=forceRefresh oldFrame=430.5,0.0 229.0x706.0 targetFrame=430.5,0.0 229.0x706.0 shouldHide=1 containerHidden=1 entryCount=3
2026-06-12T18:22:48.293Z seq=96 t+24899.571ms thread=main portal: browser.sync.result webViewId=0xaf9553ef0cbd7f97 source=forceRefresh oldFrame=660.5,0.0 459.5x706.0 targetFrame=660.5,0.0 459.5x706.0 shouldHide=1 containerHidden=1 entryCount=3
2026-06-12T18:22:48.400Z seq=97 t+25006.097ms thread=main portal: sync.result hostedId=0x38ea6d78e9b9ebd6 oldFrame=200.0,0.0 229.5x740.0 targetFrame=200.0,0.0 229.5x740.0 shouldHide=1 revealReady=1 hostedHidden=1 entryCount=3
2026-06-12T18:22:48.400Z seq=98 t+25006.318ms thread=main portal: browser.deferredSync.run count=1 entryCount=3
2026-06-12T18:22:48.400Z seq=99 t+25006.526ms thread=main portal: browser.sync.result webViewId=0xb710e71b081920ac source=deferredTick oldFrame=430.5,0.0 229.0x706.0 targetFrame=430.5,0.0 229.0x706.0 shouldHide=1 containerHidden=1 entryCount=3
2026-06-12T18:22:48.425Z seq=100 t+25031.120ms thread=main portal: geom.external windowNumber=68194 trigger=hostGeometryRevision entryCount=3
2026-06-12T18:22:48.425Z seq=101 t+25031.420ms thread=main portal: sync.result hostedId=0x38ea6d78e9b9ebd6 oldFrame=200.0,0.0 229.5x740.0 targetFrame=200.0,0.0 229.5x740.0 shouldHide=1 revealReady=1 hostedHidden=1 entryCount=3
2026-06-12T18:22:48.425Z seq=102 t+25031.594ms thread=main portal: sync.result hostedId=0x3fc6625fa9f8e66 oldFrame=660.5,0.0 459.5x335.5 targetFrame=660.5,0.0 459.5x335.5 shouldHide=0 revealReady=1 hostedHidden=0 entryCount=3
2026-06-12T18:22:48.425Z seq=103 t+25031.746ms thread=main portal: sync.result hostedId=0x37eb89396ec11a8c oldFrame=200.0,404.5 459.5x335.5 targetFrame=200.0,404.5 459.5x335.5 shouldHide=0 revealReady=1 hostedHidden=0 entryCount=3
2026-06-12T18:22:48.426Z seq=104 t+25032.478ms thread=main portal: browser.deferredSync.run count=1 entryCount=3
2026-06-12T18:22:48.426Z seq=105 t+25032.698ms thread=main portal: browser.sync.result webViewId=0xb710e71b081920ac source=deferredTick oldFrame=430.5,0.0 229.0x706.0 targetFrame=430.5,0.0 229.0x706.0 shouldHide=1 containerHidden=1 entryCount=3
2026-06-12T18:22:48.438Z seq=106 t+25044.325ms thread=main portal: browser.geom.external windowNumber=68194 trigger=splitViewDidResize entryCount=3
2026-06-12T18:22:48.438Z seq=107 t+25044.687ms thread=main portal: browser.sync.result webViewId=0xb710e71b081920ac source=externalGeometry oldFrame=430.5,0.0 229.0x706.0 targetFrame=430.5,0.0 229.0x706.0 shouldHide=1 containerHidden=1 entryCount=3
2026-06-12T18:22:48.439Z seq=108 t+25044.890ms thread=main portal: browser.sync.result webViewId=0x3c5b9163834d3596 source=externalGeometry oldFrame=660.5,404.5 459.5x301.5 targetFrame=660.5,404.5 459.5x301.5 shouldHide=0 containerHidden=0 entryCount=3
2026-06-12T18:22:48.439Z seq=109 t+25045.058ms thread=main portal: browser.sync.result webViewId=0xaf9553ef0cbd7f97 source=externalGeometry oldFrame=660.5,0.0 459.5x706.0 targetFrame=660.5,0.0 459.5x706.0 shouldHide=1 containerHidden=1 entryCount=3
2026-06-12T18:22:48.440Z seq=110 t+25045.976ms thread=main portal: browser.deferredSync.run count=1 entryCount=3
2026-06-12T18:22:48.440Z seq=111 t+25046.134ms thread=main portal: browser.sync.result webViewId=0xb710e71b081920ac source=deferredTick oldFrame=430.5,0.0 229.0x706.0 targetFrame=430.5,0.0 229.0x706.0 shouldHide=1 containerHidden=1 entryCount=3
2026-06-12T18:22:48.466Z seq=112 t+25072.432ms thread=main portal: browser.deferredSync.run count=1 entryCount=3
2026-06-12T18:22:48.466Z seq=113 t+25072.771ms thread=main portal: browser.sync.result webViewId=0xb710e71b081920ac source=deferredTick oldFrame=430.5,0.0 229.0x706.0 targetFrame=430.5,0.0 229.0x706.0 shouldHide=1 containerHidden=1 entryCount=3
2026-06-12T18:22:48.468Z seq=114 t+25074.136ms thread=main portal: browser.deferredSync.run count=1 entryCount=3
2026-06-12T18:22:48.468Z seq=115 t+25074.457ms thread=main portal: browser.sync.result webViewId=0xb710e71b081920ac source=deferredTick oldFrame=430.5,0.0 229.0x706.0 targetFrame=430.5,0.0 229.0x706.0 shouldHide=1 containerHidden=1 entryCount=3
2026-06-12T18:22:48.469Z seq=116 t+25075.632ms thread=main portal: browser.deferredSync.run count=1 entryCount=3
2026-06-12T18:22:48.470Z seq=117 t+25075.866ms thread=main portal: browser.sync.result webViewId=0xb710e71b081920ac source=deferredTick oldFrame=430.5,0.0 229.0x706.0 targetFrame=430.5,0.0 229.0x706.0 shouldHide=1 containerHidden=1 entryCount=3
2026-06-12T18:22:48.470Z seq=118 t+25076.121ms thread=main portal: browser.deferredSync.run count=1 entryCount=3
2026-06-12T18:22:48.470Z seq=119 t+25076.279ms thread=main portal: browser.sync.result webViewId=0xb710e71b081920ac source=deferredTick oldFrame=430.5,0.0 229.0x706.0 targetFrame=430.5,0.0 229.0x706.0 shouldHide=1 containerHidden=1 entryCount=3
2026-06-12T18:22:48.471Z seq=120 t+25077.059ms thread=main portal: browser.deferredSync.run count=1 entryCount=3
2026-06-12T18:22:48.471Z seq=121 t+25077.255ms thread=main portal: browser.sync.result webViewId=0xb710e71b081920ac source=deferredTick oldFrame=430.5,0.0 229.0x706.0 targetFrame=430.5,0.0 229.0x706.0 shouldHide=1 containerHidden=1 entryCount=3
2026-06-12T18:22:48.472Z seq=122 t+25078.755ms thread=main portal: browser.deferredSync.run count=1 entryCount=3
2026-06-12T18:22:48.473Z seq=123 t+25079.062ms thread=main portal: browser.sync.result webViewId=0xb710e71b081920ac source=deferredTick oldFrame=430.5,0.0 229.0x706.0 targetFrame=430.5,0.0 229.0x706.0 shouldHide=1 containerHidden=1 entryCount=3
2026-06-12T18:22:48.614Z seq=124 t+25220.053ms thread=main portal: bind.before hostedId=0x38ea6d78e9b9ebd6 anchorId=0xd7bf0c6fc1080204 anchorWindowNumber=68194 anchorSuperviewPtr=0x0000000afc968e00 visibleInUI=0 prevHostedIdForAnchor=nil prevEntryHostedViewPtr=nil entryCount=3
2026-06-12T18:22:48.615Z seq=125 t+25221.071ms thread=main portal: sync.result hostedId=0x38ea6d78e9b9ebd6 oldFrame=200.0,404.5 229.5x335.5 targetFrame=200.0,404.5 229.5x335.5 shouldHide=1 revealReady=1 hostedHidden=1 entryCount=3
2026-06-12T18:22:48.615Z seq=126 t+25221.183ms thread=main portal: bind.after hostedId=0x38ea6d78e9b9ebd6 anchorId=0xd7bf0c6fc1080204 seededFrame=200.0,404.5 229.5x335.5 superviewIsHostView=1 entryCount=3
2026-06-12T18:22:48.637Z seq=127 t+25243.523ms thread=main portal: bind.before hostedId=0x38ea6d78e9b9ebd6 anchorId=0xd7bf0c6fc1080204 anchorWindowNumber=68194 anchorSuperviewPtr=0x0000000afc968e00 visibleInUI=0 prevHostedIdForAnchor=0x38ea6d78e9b9ebd6 prevEntryHostedViewPtr=0x0000000afc4f9500 entryCount=3
2026-06-12T18:22:48.638Z seq=128 t+25243.971ms thread=main portal: sync.result hostedId=0x38ea6d78e9b9ebd6 oldFrame=200.0,404.5 229.5x335.5 targetFrame=200.0,404.5 229.5x335.5 shouldHide=1 revealReady=1 hostedHidden=1 entryCount=3
2026-06-12T18:22:48.638Z seq=129 t+25244.121ms thread=main portal: bind.after hostedId=0x38ea6d78e9b9ebd6 anchorId=0xd7bf0c6fc1080204 seededFrame=200.0,404.5 229.5x335.5 superviewIsHostView=1 entryCount=3
2026-06-12T18:22:48.639Z seq=130 t+25245.159ms thread=main portal: browser.bind.before webViewId=0x8c6dd0aa60cf0a1c anchorId=0x3fb211065bfc8d25 anchorWindowNumber=68194 visibleInUI=0 prevAnchorId=nil entryCount=3
2026-06-12T18:22:48.640Z seq=131 t+25246.035ms thread=main portal: browser.sync.result webViewId=0x8c6dd0aa60cf0a1c source=bind oldFrame=0.0,0.0 0.0x0.0 targetFrame=200.0,0.0 229.5x301.5 shouldHide=1 containerHidden=1 entryCount=4
2026-06-12T18:22:48.640Z seq=132 t+25246.204ms thread=main portal: browser.bind.after webViewId=0x8c6dd0aa60cf0a1c anchorId=0x3fb211065bfc8d25 seededFrame=200.0,0.0 229.5x301.5 containerInHostView=1 entryCount=4
2026-06-12T18:22:48.640Z seq=133 t+25246.398ms thread=main portal: browser.sync.result webViewId=0x8c6dd0aa60cf0a1c source=anchorPrimary oldFrame=200.0,0.0 229.5x301.5 targetFrame=200.0,0.0 229.5x301.5 shouldHide=1 containerHidden=1 entryCount=4
2026-06-12T18:22:48.640Z seq=134 t+25246.602ms thread=main portal: browser.sync.result webViewId=0xb710e71b081920ac source=anchorSecondary oldFrame=430.5,0.0 229.0x706.0 targetFrame=430.5,0.0 229.0x706.0 shouldHide=1 containerHidden=1 entryCount=4
2026-06-12T18:22:48.640Z seq=135 t+25246.781ms thread=main portal: browser.sync.result webViewId=0xaf9553ef0cbd7f97 source=anchorSecondary oldFrame=660.5,0.0 459.5x706.0 targetFrame=660.5,0.0 459.5x706.0 shouldHide=1 containerHidden=1 entryCount=4
2026-06-12T18:22:48.641Z seq=136 t+25247.008ms thread=main portal: browser.sync.result webViewId=0x3c5b9163834d3596 source=anchorSecondary oldFrame=660.5,404.5 459.5x301.5 targetFrame=660.5,404.5 459.5x301.5 shouldHide=0 containerHidden=0 entryCount=4
2026-06-12T18:22:48.641Z seq=137 t+25247.157ms thread=main portal: browser.bind.before webViewId=0x8c6dd0aa60cf0a1c anchorId=0x3fb211065bfc8d25 anchorWindowNumber=68194 visibleInUI=0 prevAnchorId=0x3fb211065bfc8d25 entryCount=4
2026-06-12T18:22:48.641Z seq=138 t+25247.311ms thread=main portal: browser.sync.result webViewId=0x8c6dd0aa60cf0a1c source=bind oldFrame=200.0,0.0 229.5x301.5 targetFrame=200.0,0.0 229.5x301.5 shouldHide=1 containerHidden=1 entryCount=4
2026-06-12T18:22:48.641Z seq=139 t+25247.441ms thread=main portal: browser.bind.after webViewId=0x8c6dd0aa60cf0a1c anchorId=0x3fb211065bfc8d25 seededFrame=200.0,0.0 229.5x301.5 containerInHostView=1 entryCount=4
2026-06-12T18:22:48.654Z seq=140 t+25260.666ms thread=main portal: browser.sync.result webViewId=0x8c6dd0aa60cf0a1c source=viewStateChanged.hidden oldFrame=200.0,0.0 229.5x301.5 targetFrame=200.0,0.0 229.5x301.5 shouldHide=1 containerHidden=1 entryCount=4
2026-06-12T18:22:48.848Z seq=141 t+25453.946ms thread=main portal: browser.sync.result webViewId=0x8c6dd0aa60cf0a1c source=forceRefresh oldFrame=200.0,0.0 229.5x301.5 targetFrame=200.0,0.0 229.5x301.5 shouldHide=1 containerHidden=1 entryCount=4
2026-06-12T18:22:48.848Z seq=142 t+25454.200ms thread=main portal: browser.sync.result webViewId=0xaf9553ef0cbd7f97 source=forceRefresh oldFrame=660.5,0.0 459.5x706.0 targetFrame=660.5,0.0 459.5x706.0 shouldHide=1 containerHidden=1 entryCount=4
2026-06-12T18:22:48.848Z seq=143 t+25454.388ms thread=main portal: browser.sync.result webViewId=0xb710e71b081920ac source=forceRefresh oldFrame=430.5,0.0 229.0x706.0 targetFrame=430.5,0.0 229.0x706.0 shouldHide=1 containerHidden=1 entryCount=4
2026-06-12T18:22:48.849Z seq=144 t+25455.286ms thread=main portal: browser.sync.result webViewId=0x8c6dd0aa60cf0a1c source=forceRefresh oldFrame=200.0,0.0 229.5x301.5 targetFrame=200.0,0.0 229.5x301.5 shouldHide=1 containerHidden=1 entryCount=4
2026-06-12T18:22:48.849Z seq=145 t+25455.471ms thread=main portal: browser.sync.result webViewId=0xaf9553ef0cbd7f97 source=forceRefresh oldFrame=660.5,0.0 459.5x706.0 targetFrame=660.5,0.0 459.5x706.0 shouldHide=1 containerHidden=1 entryCount=4
2026-06-12T18:22:48.849Z seq=146 t+25455.657ms thread=main portal: browser.sync.result webViewId=0xb710e71b081920ac source=forceRefresh oldFrame=430.5,0.0 229.0x706.0 targetFrame=430.5,0.0 229.0x706.0 shouldHide=1 containerHidden=1 entryCount=4
2026-06-12T18:22:48.996Z seq=147 t+25602.831ms thread=main portal: sync.result hostedId=0x38ea6d78e9b9ebd6 oldFrame=200.0,404.5 229.5x335.5 targetFrame=200.0,404.5 229.5x335.5 shouldHide=1 revealReady=1 hostedHidden=1 entryCount=3
2026-06-12T18:22:48.997Z seq=148 t+25603.043ms thread=main portal: browser.deferredSync.run count=1 entryCount=4
2026-06-12T18:22:48.997Z seq=149 t+25603.274ms thread=main portal: browser.sync.result webViewId=0x8c6dd0aa60cf0a1c source=deferredTick oldFrame=200.0,0.0 229.5x301.5 targetFrame=200.0,0.0 229.5x301.5 shouldHide=1 containerHidden=1 entryCount=4
2026-06-12T18:22:49.023Z seq=150 t+25629.066ms thread=main portal: geom.external windowNumber=68194 trigger=hostGeometryRevision entryCount=3
2026-06-12T18:22:49.023Z seq=151 t+25629.416ms thread=main portal: sync.result hostedId=0x38ea6d78e9b9ebd6 oldFrame=200.0,404.5 229.5x335.5 targetFrame=200.0,404.5 229.5x335.5 shouldHide=1 revealReady=1 hostedHidden=1 entryCount=3
2026-06-12T18:22:49.023Z seq=152 t+25629.600ms thread=main portal: sync.result hostedId=0x3fc6625fa9f8e66 oldFrame=660.5,0.0 459.5x335.5 targetFrame=660.5,0.0 459.5x335.5 shouldHide=0 revealReady=1 hostedHidden=0 entryCount=3
2026-06-12T18:22:49.023Z seq=153 t+25629.758ms thread=main portal: sync.result hostedId=0x37eb89396ec11a8c oldFrame=200.0,404.5 459.5x335.5 targetFrame=200.0,404.5 459.5x335.5 shouldHide=0 revealReady=1 hostedHidden=0 entryCount=3
2026-06-12T18:22:49.024Z seq=154 t+25630.537ms thread=main portal: browser.deferredSync.run count=1 entryCount=4
2026-06-12T18:22:49.024Z seq=155 t+25630.751ms thread=main portal: browser.sync.result webViewId=0x8c6dd0aa60cf0a1c source=deferredTick oldFrame=200.0,0.0 229.5x301.5 targetFrame=200.0,0.0 229.5x301.5 shouldHide=1 containerHidden=1 entryCount=4
2026-06-12T18:22:49.037Z seq=156 t+25642.887ms thread=main portal: browser.geom.external windowNumber=68194 trigger=splitViewDidResize entryCount=4
2026-06-12T18:22:49.038Z seq=157 t+25644.681ms thread=main portal: browser.sync.result webViewId=0xb710e71b081920ac source=externalGeometry oldFrame=430.5,0.0 229.0x706.0 targetFrame=430.5,0.0 229.0x706.0 shouldHide=1 containerHidden=1 entryCount=4
2026-06-12T18:22:49.039Z seq=158 t+25644.917ms thread=main portal: browser.sync.result webViewId=0xaf9553ef0cbd7f97 source=externalGeometry oldFrame=660.5,0.0 459.5x706.0 targetFrame=660.5,0.0 459.5x706.0 shouldHide=1 containerHidden=1 entryCount=4
2026-06-12T18:22:49.039Z seq=159 t+25645.095ms thread=main portal: browser.sync.result webViewId=0x3c5b9163834d3596 source=externalGeometry oldFrame=660.5,404.5 459.5x301.5 targetFrame=660.5,404.5 459.5x301.5 shouldHide=0 containerHidden=0 entryCount=4
2026-06-12T18:22:49.039Z seq=160 t+25645.253ms thread=main portal: browser.sync.result webViewId=0x8c6dd0aa60cf0a1c source=externalGeometry oldFrame=200.0,0.0 229.5x301.5 targetFrame=200.0,0.0 229.5x301.5 shouldHide=1 containerHidden=1 entryCount=4
2026-06-12T18:22:49.040Z seq=161 t+25646.184ms thread=main portal: browser.deferredSync.run count=1 entryCount=4
2026-06-12T18:22:49.040Z seq=162 t+25646.344ms thread=main portal: browser.sync.result webViewId=0x8c6dd0aa60cf0a1c source=deferredTick oldFrame=200.0,0.0 229.5x301.5 targetFrame=200.0,0.0 229.5x301.5 shouldHide=1 containerHidden=1 entryCount=4
2026-06-12T18:22:49.073Z seq=163 t+25679.753ms thread=main portal: browser.deferredSync.run count=1 entryCount=4
2026-06-12T18:22:49.074Z seq=164 t+25680.114ms thread=main portal: browser.sync.result webViewId=0x8c6dd0aa60cf0a1c source=deferredTick oldFrame=200.0,0.0 229.5x301.5 targetFrame=200.0,0.0 229.5x301.5 shouldHide=1 containerHidden=1 entryCount=4
2026-06-12T18:22:49.075Z seq=165 t+25681.156ms thread=main portal: browser.deferredSync.run count=1 entryCount=4
2026-06-12T18:22:49.075Z seq=166 t+25681.336ms thread=main portal: browser.sync.result webViewId=0x8c6dd0aa60cf0a1c source=deferredTick oldFrame=200.0,0.0 229.5x301.5 targetFrame=200.0,0.0 229.5x301.5 shouldHide=1 containerHidden=1 entryCount=4
2026-06-12T18:22:49.075Z seq=167 t+25681.547ms thread=main portal: browser.deferredSync.run count=1 entryCount=4
2026-06-12T18:22:49.075Z seq=168 t+25681.686ms thread=main portal: browser.sync.result webViewId=0x8c6dd0aa60cf0a1c source=deferredTick oldFrame=200.0,0.0 229.5x301.5 targetFrame=200.0,0.0 229.5x301.5 shouldHide=1 containerHidden=1 entryCount=4
2026-06-12T18:22:49.075Z seq=169 t+25681.793ms thread=main portal: browser.deferredSync.run count=1 entryCount=4
2026-06-12T18:22:49.076Z seq=170 t+25681.922ms thread=main portal: browser.sync.result webViewId=0x8c6dd0aa60cf0a1c source=deferredTick oldFrame=200.0,0.0 229.5x301.5 targetFrame=200.0,0.0 229.5x301.5 shouldHide=1 containerHidden=1 entryCount=4
2026-06-12T18:22:49.076Z seq=171 t+25682.015ms thread=main portal: browser.deferredSync.run count=1 entryCount=4
2026-06-12T18:22:49.076Z seq=172 t+25682.132ms thread=main portal: browser.sync.result webViewId=0x8c6dd0aa60cf0a1c source=deferredTick oldFrame=200.0,0.0 229.5x301.5 targetFrame=200.0,0.0 229.5x301.5 shouldHide=1 containerHidden=1 entryCount=4
2026-06-12T18:22:49.076Z seq=173 t+25682.226ms thread=main portal: browser.deferredSync.run count=1 entryCount=4
2026-06-12T18:22:49.076Z seq=174 t+25682.343ms thread=main portal: browser.sync.result webViewId=0x8c6dd0aa60cf0a1c source=deferredTick oldFrame=200.0,0.0 229.5x301.5 targetFrame=200.0,0.0 229.5x301.5 shouldHide=1 containerHidden=1 entryCount=4
2026-06-12T18:22:49.179Z seq=175 t+25785.436ms thread=main portal: bind.before hostedId=0x38ea6d78e9b9ebd6 anchorId=0xbadf580dabdbebb4 anchorWindowNumber=68194 anchorSuperviewPtr=0x0000000afcc57100 visibleInUI=0 prevHostedIdForAnchor=nil prevEntryHostedViewPtr=nil entryCount=3
2026-06-12T18:22:49.180Z seq=176 t+25786.636ms thread=main portal: sync.result hostedId=0x38ea6d78e9b9ebd6 oldFrame=200.0,606.5 229.5x133.5 targetFrame=200.0,606.5 229.5x133.5 shouldHide=1 revealReady=1 hostedHidden=1 entryCount=3
2026-06-12T18:22:49.180Z seq=177 t+25786.760ms thread=main portal: bind.after hostedId=0x38ea6d78e9b9ebd6 anchorId=0xbadf580dabdbebb4 seededFrame=200.0,606.5 229.5x133.5 superviewIsHostView=1 entryCount=3
2026-06-12T18:22:49.210Z seq=178 t+25816.644ms thread=main portal: bind.before hostedId=0x38ea6d78e9b9ebd6 anchorId=0xbadf580dabdbebb4 anchorWindowNumber=68194 anchorSuperviewPtr=0x0000000afcc57100 visibleInUI=0 prevHostedIdForAnchor=0x38ea6d78e9b9ebd6 prevEntryHostedViewPtr=0x0000000afc4f9500 entryCount=3
2026-06-12T18:22:49.211Z seq=179 t+25817.062ms thread=main portal: sync.result hostedId=0x38ea6d78e9b9ebd6 oldFrame=200.0,606.5 229.5x133.5 targetFrame=200.0,606.5 229.5x133.5 shouldHide=1 revealReady=1 hostedHidden=1 entryCount=3
2026-06-12T18:22:49.211Z seq=180 t+25817.167ms thread=main portal: bind.after hostedId=0x38ea6d78e9b9ebd6 anchorId=0xbadf580dabdbebb4 seededFrame=200.0,606.5 229.5x133.5 superviewIsHostView=1 entryCount=3
2026-06-12T18:22:49.212Z seq=181 t+25818.122ms thread=main portal: browser.bind.before webViewId=0x3972fecb77d42758 anchorId=0xb5d962ec6677c787 anchorWindowNumber=68194 visibleInUI=0 prevAnchorId=nil entryCount=4
2026-06-12T18:22:49.213Z seq=182 t+25819.058ms thread=main portal: browser.sync.result webViewId=0x3972fecb77d42758 source=bind oldFrame=0.0,0.0 0.0x0.0 targetFrame=200.0,404.5 229.5x99.0 shouldHide=1 containerHidden=1 entryCount=5
2026-06-12T18:22:49.213Z seq=183 t+25819.205ms thread=main portal: browser.bind.after webViewId=0x3972fecb77d42758 anchorId=0xb5d962ec6677c787 seededFrame=200.0,404.5 229.5x99.0 containerInHostView=1 entryCount=5
2026-06-12T18:22:49.213Z seq=184 t+25819.394ms thread=main portal: browser.sync.result webViewId=0x3972fecb77d42758 source=anchorPrimary oldFrame=200.0,404.5 229.5x99.0 targetFrame=200.0,404.5 229.5x99.0 shouldHide=1 containerHidden=1 entryCount=5
2026-06-12T18:22:49.213Z seq=185 t+25819.599ms thread=main portal: browser.sync.result webViewId=0xb710e71b081920ac source=anchorSecondary oldFrame=430.5,0.0 229.0x706.0 targetFrame=430.5,0.0 229.0x706.0 shouldHide=1 containerHidden=1 entryCount=5
2026-06-12T18:22:49.213Z seq=186 t+25819.761ms thread=main portal: browser.sync.result webViewId=0xaf9553ef0cbd7f97 source=anchorSecondary oldFrame=660.5,0.0 459.5x706.0 targetFrame=660.5,0.0 459.5x706.0 shouldHide=1 containerHidden=1 entryCount=5
2026-06-12T18:22:49.214Z seq=187 t+25819.924ms thread=main portal: browser.sync.result webViewId=0x3c5b9163834d3596 source=anchorSecondary oldFrame=660.5,404.5 459.5x301.5 targetFrame=660.5,404.5 459.5x301.5 shouldHide=0 containerHidden=0 entryCount=5
2026-06-12T18:22:49.214Z seq=188 t+25820.084ms thread=main portal: browser.sync.result webViewId=0x8c6dd0aa60cf0a1c source=anchorSecondary oldFrame=200.0,0.0 229.5x301.5 targetFrame=200.0,0.0 229.5x301.5 shouldHide=1 containerHidden=1 entryCount=5
2026-06-12T18:22:49.214Z seq=189 t+25820.222ms thread=main portal: browser.bind.before webViewId=0x3972fecb77d42758 anchorId=0xb5d962ec6677c787 anchorWindowNumber=68194 visibleInUI=0 prevAnchorId=0xb5d962ec6677c787 entryCount=5
2026-06-12T18:22:49.214Z seq=190 t+25820.367ms thread=main portal: browser.sync.result webViewId=0x3972fecb77d42758 source=bind oldFrame=200.0,404.5 229.5x99.0 targetFrame=200.0,404.5 229.5x99.0 shouldHide=1 containerHidden=1 entryCount=5
2026-06-12T18:22:49.214Z seq=191 t+25820.492ms thread=main portal: browser.bind.after webViewId=0x3972fecb77d42758 anchorId=0xb5d962ec6677c787 seededFrame=200.0,404.5 229.5x99.0 containerInHostView=1 entryCount=5
2026-06-12T18:22:49.227Z seq=192 t+25833.645ms thread=main portal: browser.sync.result webViewId=0x3972fecb77d42758 source=viewStateChanged.hidden oldFrame=200.0,404.5 229.5x99.0 targetFrame=200.0,404.5 229.5x99.0 shouldHide=1 containerHidden=1 entryCount=5
2026-06-12T18:22:49.448Z seq=193 t+26054.675ms thread=main portal: browser.sync.result webViewId=0x8c6dd0aa60cf0a1c source=forceRefresh oldFrame=200.0,0.0 229.5x301.5 targetFrame=200.0,0.0 229.5x301.5 shouldHide=1 containerHidden=1 entryCount=5
2026-06-12T18:22:49.449Z seq=194 t+26054.928ms thread=main portal: browser.sync.result webViewId=0x3972fecb77d42758 source=forceRefresh oldFrame=200.0,404.5 229.5x99.0 targetFrame=200.0,404.5 229.5x99.0 shouldHide=1 containerHidden=1 entryCount=5
2026-06-12T18:22:49.449Z seq=195 t+26055.108ms thread=main portal: browser.sync.result webViewId=0xaf9553ef0cbd7f97 source=forceRefresh oldFrame=660.5,0.0 459.5x706.0 targetFrame=660.5,0.0 459.5x706.0 shouldHide=1 containerHidden=1 entryCount=5
2026-06-12T18:22:49.449Z seq=196 t+26055.282ms thread=main portal: browser.sync.result webViewId=0xb710e71b081920ac source=forceRefresh oldFrame=430.5,0.0 229.0x706.0 targetFrame=430.5,0.0 229.0x706.0 shouldHide=1 containerHidden=1 entryCount=5
2026-06-12T18:22:49.450Z seq=197 t+26056.142ms thread=main portal: browser.sync.result webViewId=0x8c6dd0aa60cf0a1c source=forceRefresh oldFrame=200.0,0.0 229.5x301.5 targetFrame=200.0,0.0 229.5x301.5 shouldHide=1 containerHidden=1 entryCount=5
2026-06-12T18:22:49.450Z seq=198 t+26056.325ms thread=main portal: browser.sync.result webViewId=0x3972fecb77d42758 source=forceRefresh oldFrame=200.0,404.5 229.5x99.0 targetFrame=200.0,404.5 229.5x99.0 shouldHide=1 containerHidden=1 entryCount=5
2026-06-12T18:22:49.450Z seq=199 t+26056.476ms thread=main portal: browser.sync.result webViewId=0xaf9553ef0cbd7f97 source=forceRefresh oldFrame=660.5,0.0 459.5x706.0 targetFrame=660.5,0.0 459.5x706.0 shouldHide=1 containerHidden=1 entryCount=5
2026-06-12T18:22:49.450Z seq=200 t+26056.624ms thread=main portal: browser.sync.result webViewId=0xb710e71b081920ac source=forceRefresh oldFrame=430.5,0.0 229.0x706.0 targetFrame=430.5,0.0 229.0x706.0 shouldHide=1 containerHidden=1 entryCount=5
2026-06-12T18:22:49.648Z seq=201 t+26254.798ms thread=main portal: sync.result hostedId=0x38ea6d78e9b9ebd6 oldFrame=200.0,606.5 229.5x133.5 targetFrame=200.0,606.5 229.5x133.5 shouldHide=1 revealReady=1 hostedHidden=1 entryCount=3
2026-06-12T18:22:49.649Z seq=202 t+26255.021ms thread=main portal: browser.deferredSync.run count=1 entryCount=5
2026-06-12T18:22:49.649Z seq=203 t+26255.247ms thread=main portal: browser.sync.result webViewId=0x3972fecb77d42758 source=deferredTick oldFrame=200.0,404.5 229.5x99.0 targetFrame=200.0,404.5 229.5x99.0 shouldHide=1 containerHidden=1 entryCount=5
2026-06-12T18:22:49.668Z seq=204 t+26274.495ms thread=main portal: geom.external windowNumber=68194 trigger=hostGeometryRevision entryCount=3
2026-06-12T18:22:49.668Z seq=205 t+26274.775ms thread=main portal: sync.result hostedId=0x38ea6d78e9b9ebd6 oldFrame=200.0,606.5 229.5x133.5 targetFrame=200.0,606.5 229.5x133.5 shouldHide=1 revealReady=1 hostedHidden=1 entryCount=3
2026-06-12T18:22:49.669Z seq=206 t+26274.967ms thread=main portal: sync.result hostedId=0x3fc6625fa9f8e66 oldFrame=660.5,0.0 459.5x335.5 targetFrame=660.5,0.0 459.5x335.5 shouldHide=0 revealReady=1 hostedHidden=0 entryCount=3
2026-06-12T18:22:49.669Z seq=207 t+26275.137ms thread=main portal: sync.result hostedId=0x37eb89396ec11a8c oldFrame=200.0,404.5 459.5x335.5 targetFrame=200.0,404.5 459.5x335.5 shouldHide=0 revealReady=1 hostedHidden=0 entryCount=3
2026-06-12T18:22:49.670Z seq=208 t+26275.869ms thread=main portal: browser.deferredSync.run count=1 entryCount=5
2026-06-12T18:22:49.670Z seq=209 t+26276.079ms thread=main portal: browser.sync.result webViewId=0x3972fecb77d42758 source=deferredTick oldFrame=200.0,404.5 229.5x99.0 targetFrame=200.0,404.5 229.5x99.0 shouldHide=1 containerHidden=1 entryCount=5
2026-06-12T18:22:49.718Z seq=210 t+26324.417ms thread=main portal: browser.geom.external windowNumber=68194 trigger=splitViewDidResize entryCount=5
2026-06-12T18:22:49.718Z seq=211 t+26324.859ms thread=main portal: browser.sync.result webViewId=0xb710e71b081920ac source=externalGeometry oldFrame=430.5,0.0 229.0x706.0 targetFrame=430.5,0.0 229.0x706.0 shouldHide=1 containerHidden=1 entryCount=5
2026-06-12T18:22:49.719Z seq=212 t+26325.069ms thread=main portal: browser.sync.result webViewId=0x3972fecb77d42758 source=externalGeometry oldFrame=200.0,404.5 229.5x99.0 targetFrame=200.0,404.5 229.5x99.0 shouldHide=1 containerHidden=1 entryCount=5
2026-06-12T18:22:49.719Z seq=213 t+26325.258ms thread=main portal: browser.sync.result webViewId=0xaf9553ef0cbd7f97 source=externalGeometry oldFrame=660.5,0.0 459.5x706.0 targetFrame=660.5,0.0 459.5x706.0 shouldHide=1 containerHidden=1 entryCount=5
2026-06-12T18:22:49.719Z seq=214 t+26325.418ms thread=main portal: browser.sync.result webViewId=0x3c5b9163834d3596 source=externalGeometry oldFrame=660.5,404.5 459.5x301.5 targetFrame=660.5,404.5 459.5x301.5 shouldHide=0 containerHidden=0 entryCount=5
2026-06-12T18:22:49.719Z seq=215 t+26325.572ms thread=main portal: browser.sync.result webViewId=0x8c6dd0aa60cf0a1c source=externalGeometry oldFrame=200.0,0.0 229.5x301.5 targetFrame=200.0,0.0 229.5x301.5 shouldHide=1 containerHidden=1 entryCount=5
2026-06-12T18:22:49.720Z seq=216 t+26326.437ms thread=main portal: browser.deferredSync.run count=1 entryCount=5
2026-06-12T18:22:49.720Z seq=217 t+26326.643ms thread=main portal: browser.sync.result webViewId=0x3972fecb77d42758 source=deferredTick oldFrame=200.0,404.5 229.5x99.0 targetFrame=200.0,404.5 229.5x99.0 shouldHide=1 containerHidden=1 entryCount=5
2026-06-12T18:22:49.741Z seq=218 t+26347.075ms thread=main portal: browser.bind.before webViewId=0xaf9553ef0cbd7f97 anchorId=0x8dfcaa0e86415303 anchorWindowNumber=68194 visibleInUI=1 prevAnchorId=0x8dfcaa0e86415303 entryCount=5
2026-06-12T18:22:49.746Z seq=219 t+26351.949ms thread=main portal: bind.before hostedId=0x38ea6d78e9b9ebd6 anchorId=0xbadf580dabdbebb4 anchorWindowNumber=68194 anchorSuperviewPtr=0x0000000afcc57100 visibleInUI=1 prevHostedIdForAnchor=0x38ea6d78e9b9ebd6 prevEntryHostedViewPtr=0x0000000afc4f9500 entryCount=3
2026-06-12T18:22:49.746Z seq=220 t+26352.788ms thread=main portal: sync.result hostedId=0x38ea6d78e9b9ebd6 oldFrame=200.0,606.5 229.5x133.5 targetFrame=200.0,606.5 229.5x133.5 shouldHide=0 revealReady=1 hostedHidden=0 entryCount=3
2026-06-12T18:22:49.747Z seq=221 t+26352.884ms thread=main portal: bind.after hostedId=0x38ea6d78e9b9ebd6 anchorId=0xbadf580dabdbebb4 seededFrame=200.0,606.5 229.5x133.5 superviewIsHostView=1 entryCount=3
2026-06-12T18:22:49.751Z seq=222 t+26357.018ms thread=main portal: browser.bind.before webViewId=0x3972fecb77d42758 anchorId=0xb5d962ec6677c787 anchorWindowNumber=68194 visibleInUI=1 prevAnchorId=0xb5d962ec6677c787 entryCount=5
2026-06-12T18:22:49.752Z seq=223 t+26358.195ms thread=main portal: browser.sync.result webViewId=0x3972fecb77d42758 source=bind oldFrame=200.0,404.5 229.5x99.0 targetFrame=200.0,404.5 229.5x99.0 shouldHide=0 containerHidden=0 entryCount=5
2026-06-12T18:22:49.752Z seq=224 t+26358.340ms thread=main portal: browser.bind.after webViewId=0x3972fecb77d42758 anchorId=0xb5d962ec6677c787 seededFrame=200.0,404.5 229.5x99.0 containerInHostView=1 entryCount=5
2026-06-12T18:22:49.757Z seq=225 t+26362.968ms thread=main portal: browser.bind.before webViewId=0x8c6dd0aa60cf0a1c anchorId=0x3fb211065bfc8d25 anchorWindowNumber=68194 visibleInUI=1 prevAnchorId=0x3fb211065bfc8d25 entryCount=5
2026-06-12T18:22:49.758Z seq=226 t+26364.034ms thread=main portal: browser.sync.result webViewId=0x8c6dd0aa60cf0a1c source=bind oldFrame=200.0,0.0 229.5x301.5 targetFrame=200.0,0.0 229.5x301.5 shouldHide=0 containerHidden=0 entryCount=5
2026-06-12T18:22:49.758Z seq=227 t+26364.172ms thread=main portal: browser.bind.after webViewId=0x8c6dd0aa60cf0a1c anchorId=0x3fb211065bfc8d25 seededFrame=200.0,0.0 229.5x301.5 containerInHostView=1 entryCount=5
2026-06-12T18:22:49.762Z seq=228 t+26368.644ms thread=main portal: browser.bind.before webViewId=0xb710e71b081920ac anchorId=0xb5ae00d6e7fe61e1 anchorWindowNumber=68194 visibleInUI=1 prevAnchorId=0xb5ae00d6e7fe61e1 entryCount=5
2026-06-12T18:22:49.763Z seq=229 t+26369.808ms thread=main portal: browser.sync.result webViewId=0xb710e71b081920ac source=bind oldFrame=430.5,0.0 229.0x706.0 targetFrame=430.5,0.0 229.0x706.0 shouldHide=0 containerHidden=0 entryCount=5
2026-06-12T18:22:49.764Z seq=230 t+26369.983ms thread=main portal: browser.bind.after webViewId=0xb710e71b081920ac anchorId=0xb5ae00d6e7fe61e1 seededFrame=430.5,0.0 229.0x706.0 containerInHostView=1 entryCount=5
2026-06-12T18:22:49.770Z seq=231 t+26375.975ms thread=main portal: bind.before hostedId=0x37eb89396ec11a8c anchorId=0x28a399aaff959a82 anchorWindowNumber=68194 anchorSuperviewPtr=0x0000000afb0ed180 visibleInUI=0 prevHostedIdForAnchor=0x37eb89396ec11a8c prevEntryHostedViewPtr=0x0000000afb5d4700 entryCount=3
2026-06-12T18:22:49.770Z seq=232 t+26376.533ms thread=main portal: sync.result hostedId=0x37eb89396ec11a8c oldFrame=200.0,404.5 459.5x335.5 targetFrame=200.0,404.5 459.5x335.5 shouldHide=1 revealReady=1 hostedHidden=1 entryCount=3
2026-06-12T18:22:49.770Z seq=233 t+26376.621ms thread=main portal: bind.after hostedId=0x37eb89396ec11a8c anchorId=0x28a399aaff959a82 seededFrame=200.0,404.5 459.5x335.5 superviewIsHostView=1 entryCount=3
2026-06-12T18:22:49.792Z seq=234 t+26398.566ms thread=main portal: browser.sync.result webViewId=0x3c5b9163834d3596 source=viewStateChanged.hidden oldFrame=660.5,404.5 459.5x301.5 targetFrame=660.5,404.5 459.5x301.5 shouldHide=1 containerHidden=1 entryCount=5
2026-06-12T18:22:49.800Z seq=235 t+26406.341ms thread=main portal: bind.before hostedId=0x3fc6625fa9f8e66 anchorId=0xbfb4b18cf49d5186 anchorWindowNumber=68194 anchorSuperviewPtr=0x0000000afc47b800 visibleInUI=0 prevHostedIdForAnchor=0x3fc6625fa9f8e66 prevEntryHostedViewPtr=0x0000000afc047800 entryCount=3
2026-06-12T18:22:49.800Z seq=236 t+26406.818ms thread=main portal: sync.result hostedId=0x3fc6625fa9f8e66 oldFrame=660.5,0.0 459.5x335.5 targetFrame=660.5,0.0 459.5x335.5 shouldHide=1 revealReady=1 hostedHidden=1 entryCount=3
2026-06-12T18:22:49.801Z seq=237 t+26406.902ms thread=main portal: bind.after hostedId=0x3fc6625fa9f8e66 anchorId=0xbfb4b18cf49d5186 seededFrame=660.5,0.0 459.5x335.5 superviewIsHostView=1 entryCount=3
2026-06-12T18:22:49.810Z seq=238 t+26416.497ms thread=main portal: bind.before hostedId=0x37eb89396ec11a8c anchorId=0x28a399aaff959a82 anchorWindowNumber=68194 anchorSuperviewPtr=0x0000000afb0ed180 visibleInUI=0 prevHostedIdForAnchor=0x37eb89396ec11a8c prevEntryHostedViewPtr=0x0000000afb5d4700 entryCount=3
2026-06-12T18:22:49.811Z seq=239 t+26416.919ms thread=main portal: sync.result hostedId=0x37eb89396ec11a8c oldFrame=200.0,404.5 459.5x335.5 targetFrame=200.0,404.5 459.5x335.5 shouldHide=1 revealReady=1 hostedHidden=1 entryCount=3
2026-06-12T18:22:49.811Z seq=240 t+26417.006ms thread=main portal: bind.after hostedId=0x37eb89396ec11a8c anchorId=0x28a399aaff959a82 seededFrame=200.0,404.5 459.5x335.5 superviewIsHostView=1 entryCount=3
2026-06-12T18:22:49.812Z seq=241 t+26417.915ms thread=main portal: browser.bind.before webViewId=0x3c5b9163834d3596 anchorId=0x7fbfccbfc8a98a57 anchorWindowNumber=68194 visibleInUI=0 prevAnchorId=0x7fbfccbfc8a98a57 entryCount=5
2026-06-12T18:22:49.812Z seq=242 t+26418.331ms thread=main portal: browser.sync.result webViewId=0x3c5b9163834d3596 source=bind oldFrame=660.5,404.5 459.5x301.5 targetFrame=660.5,404.5 459.5x301.5 shouldHide=1 containerHidden=1 entryCount=5
2026-06-12T18:22:49.812Z seq=243 t+26418.460ms thread=main portal: browser.bind.after webViewId=0x3c5b9163834d3596 anchorId=0x7fbfccbfc8a98a57 seededFrame=660.5,404.5 459.5x301.5 containerInHostView=1 entryCount=5
2026-06-12T18:22:49.813Z seq=244 t+26418.879ms thread=main portal: bind.before hostedId=0x3fc6625fa9f8e66 anchorId=0xbfb4b18cf49d5186 anchorWindowNumber=68194 anchorSuperviewPtr=0x0000000afc47b800 visibleInUI=0 prevHostedIdForAnchor=0x3fc6625fa9f8e66 prevEntryHostedViewPtr=0x0000000afc047800 entryCount=3
2026-06-12T18:22:49.813Z seq=245 t+26419.156ms thread=main portal: sync.result hostedId=0x3fc6625fa9f8e66 oldFrame=660.5,0.0 459.5x335.5 targetFrame=660.5,0.0 459.5x335.5 shouldHide=1 revealReady=1 hostedHidden=1 entryCount=3
2026-06-12T18:22:49.813Z seq=246 t+26419.257ms thread=main portal: bind.after hostedId=0x3fc6625fa9f8e66 anchorId=0xbfb4b18cf49d5186 seededFrame=660.5,0.0 459.5x335.5 superviewIsHostView=1 entryCount=3
2026-06-12T18:22:49.853Z seq=247 t+26459.772ms thread=main portal: bind.before hostedId=0x38ea6d78e9b9ebd6 anchorId=0xbadf580dabdbebb4 anchorWindowNumber=68194 anchorSuperviewPtr=0x0000000afcc57100 visibleInUI=1 prevHostedIdForAnchor=0x38ea6d78e9b9ebd6 prevEntryHostedViewPtr=0x0000000afc4f9500 entryCount=3
2026-06-12T18:22:49.854Z seq=248 t+26460.324ms thread=main portal: sync.result hostedId=0x38ea6d78e9b9ebd6 oldFrame=200.0,606.5 229.5x133.5 targetFrame=200.0,606.5 229.5x133.5 shouldHide=0 revealReady=1 hostedHidden=0 entryCount=3
2026-06-12T18:22:49.854Z seq=249 t+26460.421ms thread=main portal: bind.after hostedId=0x38ea6d78e9b9ebd6 anchorId=0xbadf580dabdbebb4 seededFrame=200.0,606.5 229.5x133.5 superviewIsHostView=1 entryCount=3
2026-06-12T18:22:49.854Z seq=250 t+26460.831ms thread=main portal: browser.bind.before webViewId=0x3972fecb77d42758 anchorId=0xb5d962ec6677c787 anchorWindowNumber=68194 visibleInUI=1 prevAnchorId=0xb5d962ec6677c787 entryCount=5
2026-06-12T18:22:49.855Z seq=251 t+26461.079ms thread=main portal: browser.sync.result webViewId=0x3972fecb77d42758 source=bind oldFrame=200.0,404.5 229.5x99.0 targetFrame=200.0,404.5 229.5x99.0 shouldHide=0 containerHidden=0 entryCount=5
2026-06-12T18:22:49.855Z seq=252 t+26461.217ms thread=main portal: browser.bind.after webViewId=0x3972fecb77d42758 anchorId=0xb5d962ec6677c787 seededFrame=200.0,404.5 229.5x99.0 containerInHostView=1 entryCount=5
2026-06-12T18:22:49.855Z seq=253 t+26461.715ms thread=main portal: browser.bind.before webViewId=0x8c6dd0aa60cf0a1c anchorId=0x3fb211065bfc8d25 anchorWindowNumber=68194 visibleInUI=1 prevAnchorId=0x3fb211065bfc8d25 entryCount=5
2026-06-12T18:22:49.856Z seq=254 t+26461.923ms thread=main portal: browser.sync.result webViewId=0x8c6dd0aa60cf0a1c source=bind oldFrame=200.0,0.0 229.5x301.5 targetFrame=200.0,0.0 229.5x301.5 shouldHide=0 containerHidden=0 entryCount=5
2026-06-12T18:22:49.856Z seq=255 t+26462.059ms thread=main portal: browser.bind.after webViewId=0x8c6dd0aa60cf0a1c anchorId=0x3fb211065bfc8d25 seededFrame=200.0,0.0 229.5x301.5 containerInHostView=1 entryCount=5
2026-06-12T18:22:49.856Z seq=256 t+26462.540ms thread=main portal: browser.bind.before webViewId=0xb710e71b081920ac anchorId=0xb5ae00d6e7fe61e1 anchorWindowNumber=68194 visibleInUI=1 prevAnchorId=0xb5ae00d6e7fe61e1 entryCount=5
2026-06-12T18:22:49.856Z seq=257 t+26462.752ms thread=main portal: browser.sync.result webViewId=0xb710e71b081920ac source=bind oldFrame=430.5,0.0 229.0x706.0 targetFrame=430.5,0.0 229.0x706.0 shouldHide=0 containerHidden=0 entryCount=5
2026-06-12T18:22:49.857Z seq=258 t+26462.885ms thread=main portal: browser.bind.after webViewId=0xb710e71b081920ac anchorId=0xb5ae00d6e7fe61e1 seededFrame=430.5,0.0 229.0x706.0 containerInHostView=1 entryCount=5
2026-06-12T18:22:49.857Z seq=259 t+26463.268ms thread=main portal: browser.bind.before webViewId=0xaf9553ef0cbd7f97 anchorId=0x8dfcaa0e86415303 anchorWindowNumber=68194 visibleInUI=1 prevAnchorId=0x8dfcaa0e86415303 entryCount=5
2026-06-12T18:22:49.857Z seq=260 t+26463.430ms thread=main portal: browser.sync.result webViewId=0xaf9553ef0cbd7f97 source=bind oldFrame=660.5,0.0 459.5x706.0 targetFrame=660.5,0.0 459.5x706.0 shouldHide=0 containerHidden=0 entryCount=5
2026-06-12T18:22:49.857Z seq=261 t+26463.554ms thread=main portal: browser.bind.after webViewId=0xaf9553ef0cbd7f97 anchorId=0x8dfcaa0e86415303 seededFrame=660.5,0.0 459.5x706.0 containerInHostView=1 entryCount=5
2026-06-12T18:22:49.911Z seq=262 t+26517.163ms thread=main portal: browser.sync.result webViewId=0xaf9553ef0cbd7f97 source=bind oldFrame=660.5,0.0 459.5x706.0 targetFrame=660.5,0.0 459.5x706.0 shouldHide=0 containerHidden=0 entryCount=5
2026-06-12T18:22:49.911Z seq=263 t+26517.426ms thread=main portal: browser.bind.after webViewId=0xaf9553ef0cbd7f97 anchorId=0x8dfcaa0e86415303 seededFrame=660.5,0.0 459.5x706.0 containerInHostView=1 entryCount=5
2026-06-12T18:22:49.924Z seq=264 t+26530.749ms thread=main portal: browser.sync.result webViewId=0x3c5b9163834d3596 source=workspaceRetire oldFrame=660.5,404.5 459.5x301.5 targetFrame=660.5,404.5 459.5x301.5 shouldHide=1 containerHidden=1 entryCount=5
2026-06-12T18:22:50.103Z seq=265 t+26709.724ms thread=main portal: browser.deferredSync.run count=5 entryCount=5
2026-06-12T18:22:50.104Z seq=266 t+26710.092ms thread=main portal: browser.sync.result webViewId=0x8c6dd0aa60cf0a1c source=deferredTick oldFrame=200.0,0.0 229.5x301.5 targetFrame=200.0,0.0 229.5x301.5 shouldHide=0 containerHidden=0 entryCount=5
2026-06-12T18:22:50.104Z seq=267 t+26710.326ms thread=main portal: browser.sync.result webViewId=0xb710e71b081920ac source=deferredTick oldFrame=430.5,0.0 229.0x706.0 targetFrame=430.5,0.0 229.0x706.0 shouldHide=0 containerHidden=0 entryCount=5
2026-06-12T18:22:50.104Z seq=268 t+26710.538ms thread=main portal: browser.sync.result webViewId=0xaf9553ef0cbd7f97 source=deferredTick oldFrame=660.5,0.0 459.5x706.0 targetFrame=660.5,0.0 459.5x706.0 shouldHide=0 containerHidden=0 entryCount=5
2026-06-12T18:22:50.104Z seq=269 t+26710.700ms thread=main portal: browser.sync.result webViewId=0x3972fecb77d42758 source=deferredTick oldFrame=200.0,404.5 229.5x99.0 targetFrame=200.0,404.5 229.5x99.0 shouldHide=0 containerHidden=0 entryCount=5
2026-06-12T18:22:50.211Z seq=270 t+26816.958ms thread=main portal: sync.skip.orphan hostedId=0x37eb89396ec11a8c anchorWindow=anchorNil visibleInUI=1 frame=200.0,404.5 459.5x335.5 reason=missingAnchorOrWindow
2026-06-12T18:22:50.211Z seq=271 t+26817.080ms thread=main portal: sync.skip.orphan hostedId=0x3fc6625fa9f8e66 anchorWindow=anchorNil visibleInUI=1 frame=660.5,0.0 459.5x335.5 reason=missingAnchorOrWindow
2026-06-12T18:22:50.211Z seq=272 t+26817.247ms thread=main portal: sync.result hostedId=0x38ea6d78e9b9ebd6 oldFrame=200.0,606.5 229.5x133.5 targetFrame=200.0,606.5 229.5x133.5 shouldHide=0 revealReady=1 hostedHidden=0 entryCount=3
2026-06-12T18:22:50.254Z seq=273 t+26860.576ms thread=main portal: browser.deferredSync.run count=1 entryCount=5
2026-06-12T18:22:50.257Z seq=274 t+26863.317ms thread=main portal: browser.deferredSync.run count=1 entryCount=5
2026-06-12T18:22:50.258Z seq=275 t+26864.180ms thread=main portal: browser.deferredSync.run count=1 entryCount=5
2026-06-12T18:22:50.258Z seq=276 t+26864.348ms thread=main portal: browser.deferredSync.run count=1 entryCount=5
2026-06-12T18:22:50.258Z seq=277 t+26864.481ms thread=main portal: browser.deferredSync.run count=1 entryCount=5
2026-06-12T18:22:50.258Z seq=278 t+26864.600ms thread=main portal: browser.deferredSync.run count=1 entryCount=5
2026-06-12T18:22:50.258Z seq=279 t+26864.715ms thread=main portal: browser.deferredSync.run count=1 entryCount=5
2026-06-12T18:22:50.258Z seq=280 t+26864.836ms thread=main portal: browser.deferredSync.run count=1 entryCount=5
2026-06-12T18:22:50.259Z seq=281 t+26864.944ms thread=main portal: browser.deferredSync.run count=1 entryCount=5
2026-06-12T18:22:50.259Z seq=282 t+26865.060ms thread=main portal: browser.deferredSync.run count=1 entryCount=5
2026-06-12T18:22:50.259Z seq=283 t+26865.168ms thread=main portal: browser.deferredSync.run count=1 entryCount=5
2026-06-12T18:23:47.532Z seq=284 t+84137.721ms thread=main portal: browser.detach webViewId=0xaf9553ef0cbd7f97 anchorId=0x8dfcaa0e86415303 entryCount=4
2026-06-12T18:23:47.543Z seq=285 t+84149.406ms thread=main portal: browser.bind.before webViewId=0xf14eefb6a4be5494 anchorId=0x8dfcaa0e86415303 anchorWindowNumber=68194 visibleInUI=1 prevAnchorId=nil entryCount=4
2026-06-12T18:23:47.546Z seq=286 t+84152.438ms thread=main portal: browser.sync.result webViewId=0xf14eefb6a4be5494 source=bind oldFrame=0.0,0.0 0.0x0.0 targetFrame=660.5,0.0 459.5x706.0 shouldHide=0 containerHidden=0 entryCount=5
2026-06-12T18:23:47.546Z seq=287 t+84152.617ms thread=main portal: browser.bind.after webViewId=0xf14eefb6a4be5494 anchorId=0x8dfcaa0e86415303 seededFrame=660.5,0.0 459.5x706.0 containerInHostView=1 entryCount=5
2026-06-12T18:23:47.550Z seq=288 t+84156.288ms thread=main portal: browser.bind.before webViewId=0xf14eefb6a4be5494 anchorId=0x8dfcaa0e86415303 anchorWindowNumber=68194 visibleInUI=1 prevAnchorId=0x8dfcaa0e86415303 entryCount=5
2026-06-12T18:23:47.550Z seq=289 t+84156.584ms thread=main portal: browser.sync.result webViewId=0xf14eefb6a4be5494 source=bind oldFrame=660.5,0.0 459.5x706.0 targetFrame=660.5,0.0 459.5x706.0 shouldHide=0 containerHidden=0 entryCount=5
2026-06-12T18:23:47.551Z seq=290 t+84156.731ms thread=main portal: browser.bind.after webViewId=0xf14eefb6a4be5494 anchorId=0x8dfcaa0e86415303 seededFrame=660.5,0.0 459.5x706.0 containerInHostView=1 entryCount=5
2026-06-12T18:23:47.551Z seq=291 t+84156.909ms thread=main portal: browser.sync.result webViewId=0xf14eefb6a4be5494 source=anchorPrimary oldFrame=660.5,0.0 459.5x706.0 targetFrame=660.5,0.0 459.5x706.0 shouldHide=0 containerHidden=0 entryCount=5
2026-06-12T18:23:47.551Z seq=292 t+84157.232ms thread=main portal: browser.sync.result webViewId=0xb710e71b081920ac source=anchorSecondary oldFrame=430.5,0.0 229.0x706.0 targetFrame=430.5,0.0 229.0x706.0 shouldHide=0 containerHidden=0 entryCount=5
2026-06-12T18:23:47.551Z seq=293 t+84157.432ms thread=main portal: browser.sync.result webViewId=0x3972fecb77d42758 source=anchorSecondary oldFrame=200.0,404.5 229.5x99.0 targetFrame=200.0,404.5 229.5x99.0 shouldHide=0 containerHidden=0 entryCount=5
2026-06-12T18:23:47.551Z seq=294 t+84157.632ms thread=main portal: browser.sync.result webViewId=0x8c6dd0aa60cf0a1c source=anchorSecondary oldFrame=200.0,0.0 229.5x301.5 targetFrame=200.0,0.0 229.5x301.5 shouldHide=0 containerHidden=0 entryCount=5
2026-06-12T18:23:47.552Z seq=295 t+84157.808ms thread=main portal: browser.bind.before webViewId=0xf14eefb6a4be5494 anchorId=0x8dfcaa0e86415303 anchorWindowNumber=68194 visibleInUI=1 prevAnchorId=0x8dfcaa0e86415303 entryCount=5
2026-06-12T18:23:47.552Z seq=296 t+84157.972ms thread=main portal: browser.sync.result webViewId=0xf14eefb6a4be5494 source=bind oldFrame=660.5,0.0 459.5x706.0 targetFrame=660.5,0.0 459.5x706.0 shouldHide=0 containerHidden=0 entryCount=5
2026-06-12T18:23:47.552Z seq=297 t+84158.099ms thread=main portal: browser.bind.after webViewId=0xf14eefb6a4be5494 anchorId=0x8dfcaa0e86415303 seededFrame=660.5,0.0 459.5x706.0 containerInHostView=1 entryCount=5
2026-06-12T18:23:47.564Z seq=298 t+84169.881ms thread=main portal: browser.deferredSync.run count=1 entryCount=5
2026-06-12T18:23:47.564Z seq=299 t+84170.205ms thread=main portal: browser.sync.result webViewId=0xf14eefb6a4be5494 source=deferredTick oldFrame=660.5,0.0 459.5x706.0 targetFrame=660.5,0.0 459.5x706.0 shouldHide=0 containerHidden=0 entryCount=5

# CHURN PASS (appended 2026-06-12T18:26:56Z): 10 workspace switches (workspace:1 <-> workspace:2, 5 browsers + terminals rebinding each switch).
# 859 portal lines during churn, then FULLY QUIESCENT (line count identical across two 10s+ quiet checks: 1158/1158).
# browser.deferredSync.run batch sizes during entire session:
  52 count=1
   1 count=2
  21 count=4
  11 count=5
