2026-06-12T17:39:08.304Z seq=1 t+-0.000ms thread=main portal: bind.before hostedId=0x8561632e8f6b23bd anchorId=0x69a14cf0fd907034 anchorWindowNumber=67831 anchorSuperviewPtr=0x0000000a2e66b480 visibleInUI=1 prevHostedIdForAnchor=nil prevEntryHostedViewPtr=nil entryCount=0
2026-06-12T17:39:08.361Z seq=2 t+57.544ms thread=main portal: sync.result hostedId=0x8561632e8f6b23bd oldFrame=200.0,0.0 920.0x740.0 targetFrame=200.0,0.0 920.0x740.0 shouldHide=0 revealReady=1 hostedHidden=0 entryCount=1
2026-06-12T17:39:08.362Z seq=3 t+57.703ms thread=main portal: bind.after hostedId=0x8561632e8f6b23bd anchorId=0x69a14cf0fd907034 seededFrame=200.0,0.0 920.0x740.0 superviewIsHostView=1 entryCount=1
2026-06-12T17:39:08.506Z seq=4 t+202.108ms thread=main portal: bind.before hostedId=0x8561632e8f6b23bd anchorId=0x61ae9940d053f8a5 anchorWindowNumber=67831 anchorSuperviewPtr=0x0000000a2f2fdc00 visibleInUI=1 prevHostedIdForAnchor=nil prevEntryHostedViewPtr=nil entryCount=1
2026-06-12T17:39:08.507Z seq=5 t+203.037ms thread=main portal: sync.result hostedId=0x8561632e8f6b23bd oldFrame=200.0,404.5 459.5x335.5 targetFrame=200.0,404.5 459.5x335.5 shouldHide=0 revealReady=1 hostedHidden=0 entryCount=1
2026-06-12T17:39:08.507Z seq=6 t+203.144ms thread=main portal: bind.after hostedId=0x8561632e8f6b23bd anchorId=0x61ae9940d053f8a5 seededFrame=200.0,404.5 459.5x335.5 superviewIsHostView=1 entryCount=1
2026-06-12T17:39:08.507Z seq=7 t+203.619ms thread=main portal: bind.before hostedId=0x32519fcd4629b92f anchorId=0x467d13bf240fc298 anchorWindowNumber=67831 anchorSuperviewPtr=0x0000000a2f482680 visibleInUI=1 prevHostedIdForAnchor=nil prevEntryHostedViewPtr=nil entryCount=1
2026-06-12T17:39:08.526Z seq=8 t+222.331ms thread=main portal: sync.result hostedId=0x32519fcd4629b92f oldFrame=200.0,0.0 459.5x335.5 targetFrame=200.0,0.0 459.5x335.5 shouldHide=0 revealReady=1 hostedHidden=0 entryCount=2
2026-06-12T17:39:08.526Z seq=9 t+222.456ms thread=main portal: bind.after hostedId=0x32519fcd4629b92f anchorId=0x467d13bf240fc298 seededFrame=200.0,0.0 459.5x335.5 superviewIsHostView=1 entryCount=2
2026-06-12T17:39:08.527Z seq=10 t+223.452ms thread=main portal: bind.before hostedId=0x6ccbe8aaeb566b27 anchorId=0xfdb54450f62a47c0 anchorWindowNumber=67831 anchorSuperviewPtr=0x0000000a2f48f800 visibleInUI=1 prevHostedIdForAnchor=nil prevEntryHostedViewPtr=nil entryCount=2
2026-06-12T17:39:08.550Z seq=11 t+246.110ms thread=main portal: sync.result hostedId=0x6ccbe8aaeb566b27 oldFrame=660.5,404.5 459.5x335.5 targetFrame=660.5,404.5 459.5x335.5 shouldHide=0 revealReady=1 hostedHidden=0 entryCount=3
2026-06-12T17:39:08.550Z seq=12 t+246.290ms thread=main portal: bind.after hostedId=0x6ccbe8aaeb566b27 anchorId=0xfdb54450f62a47c0 seededFrame=660.5,404.5 459.5x335.5 superviewIsHostView=1 entryCount=3
2026-06-12T17:39:08.551Z seq=13 t+247.108ms thread=main portal: bind.before hostedId=0x6d7c7fff7dc78e0e anchorId=0x96a83b7614d70566 anchorWindowNumber=67831 anchorSuperviewPtr=0x0000000a2f958380 visibleInUI=1 prevHostedIdForAnchor=nil prevEntryHostedViewPtr=nil entryCount=3
2026-06-12T17:39:08.572Z seq=14 t+268.337ms thread=main portal: sync.result hostedId=0x6d7c7fff7dc78e0e oldFrame=660.5,0.0 459.5x335.5 targetFrame=660.5,0.0 459.5x335.5 shouldHide=0 revealReady=1 hostedHidden=0 entryCount=4
2026-06-12T17:39:08.572Z seq=15 t+268.490ms thread=main portal: bind.after hostedId=0x6d7c7fff7dc78e0e anchorId=0x96a83b7614d70566 seededFrame=660.5,0.0 459.5x335.5 superviewIsHostView=1 entryCount=4
2026-06-12T17:39:08.999Z seq=16 t+694.700ms thread=main portal: sync.result hostedId=0x32519fcd4629b92f oldFrame=200.0,0.0 459.5x335.5 targetFrame=200.0,0.0 459.5x335.5 shouldHide=0 revealReady=1 hostedHidden=0 entryCount=4
2026-06-12T17:39:08.999Z seq=17 t+694.960ms thread=main portal: sync.result hostedId=0x8561632e8f6b23bd oldFrame=200.0,404.5 459.5x335.5 targetFrame=200.0,404.5 459.5x335.5 shouldHide=0 revealReady=1 hostedHidden=0 entryCount=4
2026-06-12T17:39:08.999Z seq=18 t+695.141ms thread=main portal: sync.result hostedId=0x6d7c7fff7dc78e0e oldFrame=660.5,0.0 459.5x335.5 targetFrame=660.5,0.0 459.5x335.5 shouldHide=0 revealReady=1 hostedHidden=0 entryCount=4
2026-06-12T17:39:08.999Z seq=19 t+695.359ms thread=main portal: sync.result hostedId=0x6ccbe8aaeb566b27 oldFrame=660.5,404.5 459.5x335.5 targetFrame=660.5,404.5 459.5x335.5 shouldHide=0 revealReady=1 hostedHidden=0 entryCount=4
2026-06-12T17:39:09.086Z seq=20 t+782.223ms thread=main portal: geom.external windowNumber=67831 trigger=frameDidChange entryCount=4
2026-06-12T17:39:09.086Z seq=21 t+782.602ms thread=main portal: sync.result hostedId=0x8561632e8f6b23bd oldFrame=200.0,404.5 459.5x335.5 targetFrame=200.0,404.5 459.5x335.5 shouldHide=0 revealReady=1 hostedHidden=0 entryCount=4
2026-06-12T17:39:09.087Z seq=22 t+782.780ms thread=main portal: sync.result hostedId=0x6ccbe8aaeb566b27 oldFrame=660.5,404.5 459.5x335.5 targetFrame=660.5,404.5 459.5x335.5 shouldHide=0 revealReady=1 hostedHidden=0 entryCount=4
2026-06-12T17:39:09.087Z seq=23 t+782.957ms thread=main portal: sync.result hostedId=0x32519fcd4629b92f oldFrame=200.0,0.0 459.5x335.5 targetFrame=200.0,0.0 459.5x335.5 shouldHide=0 revealReady=1 hostedHidden=0 entryCount=4
2026-06-12T17:39:09.087Z seq=24 t+783.104ms thread=main portal: sync.result hostedId=0x6d7c7fff7dc78e0e oldFrame=660.5,0.0 459.5x335.5 targetFrame=660.5,0.0 459.5x335.5 shouldHide=0 revealReady=1 hostedHidden=0 entryCount=4
2026-06-12T17:39:45.694Z seq=25 t+37391.840ms thread=main portal: bind.before hostedId=0x8561632e8f6b23bd anchorId=0x7154b7499a97eb6b anchorWindowNumber=67831 anchorSuperviewPtr=0x0000000a2fa2ea00 visibleInUI=1 prevHostedIdForAnchor=nil prevEntryHostedViewPtr=nil entryCount=4
2026-06-12T17:39:45.695Z seq=26 t+37392.954ms thread=main portal: sync.result hostedId=0x8561632e8f6b23bd oldFrame=200.0,404.5 229.5x335.5 targetFrame=200.0,404.5 229.5x335.5 shouldHide=0 revealReady=1 hostedHidden=0 entryCount=4
2026-06-12T17:39:45.695Z seq=27 t+37393.068ms thread=main portal: bind.after hostedId=0x8561632e8f6b23bd anchorId=0x7154b7499a97eb6b seededFrame=200.0,404.5 229.5x335.5 superviewIsHostView=1 entryCount=4
2026-06-12T17:39:45.721Z seq=28 t+37418.892ms thread=main portal: bind.before hostedId=0x8561632e8f6b23bd anchorId=0x7154b7499a97eb6b anchorWindowNumber=67831 anchorSuperviewPtr=0x0000000a2fa2ea00 visibleInUI=1 prevHostedIdForAnchor=0x8561632e8f6b23bd prevEntryHostedViewPtr=0x0000000a2d394700 entryCount=4
2026-06-12T17:39:45.722Z seq=29 t+37419.270ms thread=main portal: sync.result hostedId=0x8561632e8f6b23bd oldFrame=200.0,404.5 229.5x335.5 targetFrame=200.0,404.5 229.5x335.5 shouldHide=0 revealReady=1 hostedHidden=0 entryCount=4
2026-06-12T17:39:45.722Z seq=30 t+37419.365ms thread=main portal: bind.after hostedId=0x8561632e8f6b23bd anchorId=0x7154b7499a97eb6b seededFrame=200.0,404.5 229.5x335.5 superviewIsHostView=1 entryCount=4
2026-06-12T17:39:46.110Z seq=31 t+37807.451ms thread=main portal: sync.result hostedId=0x8561632e8f6b23bd oldFrame=200.0,404.5 229.5x335.5 targetFrame=200.0,404.5 229.5x335.5 shouldHide=0 revealReady=1 hostedHidden=0 entryCount=4
2026-06-12T17:39:46.155Z seq=32 t+37853.070ms thread=main portal: geom.external windowNumber=67831 trigger=hostGeometryRevision entryCount=4
2026-06-12T17:39:46.156Z seq=33 t+37853.361ms thread=main portal: sync.result hostedId=0x8561632e8f6b23bd oldFrame=200.0,404.5 229.5x335.5 targetFrame=200.0,404.5 229.5x335.5 shouldHide=0 revealReady=1 hostedHidden=0 entryCount=4
2026-06-12T17:39:46.156Z seq=34 t+37853.545ms thread=main portal: sync.result hostedId=0x6ccbe8aaeb566b27 oldFrame=660.5,404.5 459.5x335.5 targetFrame=660.5,404.5 459.5x335.5 shouldHide=0 revealReady=1 hostedHidden=0 entryCount=4
2026-06-12T17:39:46.156Z seq=35 t+37853.717ms thread=main portal: sync.result hostedId=0x32519fcd4629b92f oldFrame=200.0,0.0 459.5x335.5 targetFrame=200.0,0.0 459.5x335.5 shouldHide=0 revealReady=1 hostedHidden=0 entryCount=4
2026-06-12T17:39:46.156Z seq=36 t+37853.878ms thread=main portal: sync.result hostedId=0x6d7c7fff7dc78e0e oldFrame=660.5,0.0 459.5x335.5 targetFrame=660.5,0.0 459.5x335.5 shouldHide=0 revealReady=1 hostedHidden=0 entryCount=4
2026-06-12T17:39:46.263Z seq=37 t+37960.347ms thread=main portal: bind.before hostedId=0x8561632e8f6b23bd anchorId=0xcf3e62c237b5129f anchorWindowNumber=67831 anchorSuperviewPtr=0x0000000a2f6aea00 visibleInUI=1 prevHostedIdForAnchor=nil prevEntryHostedViewPtr=nil entryCount=4
2026-06-12T17:39:46.264Z seq=38 t+37961.247ms thread=main portal: sync.result hostedId=0x8561632e8f6b23bd oldFrame=200.0,404.5 114.5x335.5 targetFrame=200.0,404.5 114.5x335.5 shouldHide=0 revealReady=1 hostedHidden=0 entryCount=4
2026-06-12T17:39:46.264Z seq=39 t+37961.394ms thread=main portal: bind.after hostedId=0x8561632e8f6b23bd anchorId=0xcf3e62c237b5129f seededFrame=200.0,404.5 114.5x335.5 superviewIsHostView=1 entryCount=4
2026-06-12T17:39:46.296Z seq=40 t+37993.156ms thread=main portal: bind.before hostedId=0x8561632e8f6b23bd anchorId=0xcf3e62c237b5129f anchorWindowNumber=67831 anchorSuperviewPtr=0x0000000a2f6aea00 visibleInUI=1 prevHostedIdForAnchor=0x8561632e8f6b23bd prevEntryHostedViewPtr=0x0000000a2d394700 entryCount=4
2026-06-12T17:39:46.296Z seq=41 t+37993.620ms thread=main portal: sync.result hostedId=0x8561632e8f6b23bd oldFrame=200.0,404.5 114.5x335.5 targetFrame=200.0,404.5 114.5x335.5 shouldHide=0 revealReady=1 hostedHidden=0 entryCount=4
2026-06-12T17:39:46.296Z seq=42 t+37993.727ms thread=main portal: bind.after hostedId=0x8561632e8f6b23bd anchorId=0xcf3e62c237b5129f seededFrame=200.0,404.5 114.5x335.5 superviewIsHostView=1 entryCount=4
2026-06-12T17:39:46.821Z seq=43 t+38518.848ms thread=main portal: sync.result hostedId=0x8561632e8f6b23bd oldFrame=200.0,404.5 114.5x335.5 targetFrame=200.0,404.5 114.5x335.5 shouldHide=0 revealReady=1 hostedHidden=0 entryCount=4
2026-06-12T17:39:46.999Z seq=44 t+38696.812ms thread=main portal: bind.before hostedId=0x8561632e8f6b23bd anchorId=0xa8f695bfa10d8f82 anchorWindowNumber=67831 anchorSuperviewPtr=0x0000000a2d775880 visibleInUI=1 prevHostedIdForAnchor=nil prevEntryHostedViewPtr=nil entryCount=4
2026-06-12T17:39:47.000Z seq=45 t+38697.654ms thread=main portal: sync.result hostedId=0x8561632e8f6b23bd oldFrame=200.0,404.5 57.0x335.5 targetFrame=200.0,404.5 57.0x335.5 shouldHide=0 revealReady=1 hostedHidden=0 entryCount=4
2026-06-12T17:39:47.000Z seq=46 t+38697.760ms thread=main portal: bind.after hostedId=0x8561632e8f6b23bd anchorId=0xa8f695bfa10d8f82 seededFrame=200.0,404.5 57.0x335.5 superviewIsHostView=1 entryCount=4
2026-06-12T17:39:47.038Z seq=47 t+38736.017ms thread=main portal: bind.before hostedId=0x8561632e8f6b23bd anchorId=0xa8f695bfa10d8f82 anchorWindowNumber=67831 anchorSuperviewPtr=0x0000000a2d775880 visibleInUI=1 prevHostedIdForAnchor=0x8561632e8f6b23bd prevEntryHostedViewPtr=0x0000000a2d394700 entryCount=4
2026-06-12T17:39:47.039Z seq=48 t+38736.434ms thread=main portal: sync.result hostedId=0x8561632e8f6b23bd oldFrame=200.0,404.5 57.0x335.5 targetFrame=200.0,404.5 57.0x335.5 shouldHide=0 revealReady=1 hostedHidden=0 entryCount=4
2026-06-12T17:39:47.039Z seq=49 t+38736.533ms thread=main portal: bind.after hostedId=0x8561632e8f6b23bd anchorId=0xa8f695bfa10d8f82 seededFrame=200.0,404.5 57.0x335.5 superviewIsHostView=1 entryCount=4
2026-06-12T17:39:47.503Z seq=50 t+39200.236ms thread=main portal: geom.external windowNumber=67831 trigger=hostGeometryRevision entryCount=4
2026-06-12T17:39:47.503Z seq=51 t+39200.508ms thread=main portal: sync.result hostedId=0x8561632e8f6b23bd oldFrame=200.0,404.5 57.0x335.5 targetFrame=200.0,404.5 57.0x335.5 shouldHide=0 revealReady=1 hostedHidden=0 entryCount=4
2026-06-12T17:39:47.503Z seq=52 t+39200.678ms thread=main portal: sync.result hostedId=0x6ccbe8aaeb566b27 oldFrame=660.5,404.5 459.5x335.5 targetFrame=660.5,404.5 459.5x335.5 shouldHide=0 revealReady=1 hostedHidden=0 entryCount=4
2026-06-12T17:39:47.503Z seq=53 t+39200.835ms thread=main portal: sync.result hostedId=0x32519fcd4629b92f oldFrame=200.0,0.0 459.5x335.5 targetFrame=200.0,0.0 459.5x335.5 shouldHide=0 revealReady=1 hostedHidden=0 entryCount=4
2026-06-12T17:39:47.503Z seq=54 t+39200.983ms thread=main portal: sync.result hostedId=0x6d7c7fff7dc78e0e oldFrame=660.5,0.0 459.5x335.5 targetFrame=660.5,0.0 459.5x335.5 shouldHide=0 revealReady=1 hostedHidden=0 entryCount=4
2026-06-12T17:39:47.810Z seq=55 t+39507.961ms thread=main portal: sync.result hostedId=0x8561632e8f6b23bd oldFrame=200.0,404.5 57.0x335.5 targetFrame=200.0,404.5 57.0x335.5 shouldHide=0 revealReady=1 hostedHidden=0 entryCount=4
2026-06-12T17:39:48.079Z seq=56 t+39776.522ms thread=main portal: bind.before hostedId=0x8561632e8f6b23bd anchorId=0xfb2aef9a403087ff anchorWindowNumber=67831 anchorSuperviewPtr=0x0000000a3089d180 visibleInUI=1 prevHostedIdForAnchor=nil prevEntryHostedViewPtr=nil entryCount=4
2026-06-12T17:39:48.079Z seq=57 t+39777.174ms thread=main portal: sync.result hostedId=0x8561632e8f6b23bd oldFrame=200.0,404.5 28.0x335.5 targetFrame=200.0,404.5 28.0x335.5 shouldHide=0 revealReady=1 hostedHidden=0 entryCount=4
2026-06-12T17:39:48.080Z seq=58 t+39777.288ms thread=main portal: bind.after hostedId=0x8561632e8f6b23bd anchorId=0xfb2aef9a403087ff seededFrame=200.0,404.5 28.0x335.5 superviewIsHostView=1 entryCount=4
2026-06-12T17:39:48.122Z seq=59 t+39819.830ms thread=main portal: bind.before hostedId=0x8561632e8f6b23bd anchorId=0xfb2aef9a403087ff anchorWindowNumber=67831 anchorSuperviewPtr=0x0000000a3089d180 visibleInUI=1 prevHostedIdForAnchor=0x8561632e8f6b23bd prevEntryHostedViewPtr=0x0000000a2d394700 entryCount=4
2026-06-12T17:39:48.122Z seq=60 t+39820.145ms thread=main portal: sync.result hostedId=0x8561632e8f6b23bd oldFrame=200.0,404.5 28.0x335.5 targetFrame=200.0,404.5 28.0x335.5 shouldHide=0 revealReady=1 hostedHidden=0 entryCount=4
2026-06-12T17:39:48.123Z seq=61 t+39820.240ms thread=main portal: bind.after hostedId=0x8561632e8f6b23bd anchorId=0xfb2aef9a403087ff seededFrame=200.0,404.5 28.0x335.5 superviewIsHostView=1 entryCount=4
2026-06-12T17:39:48.604Z seq=62 t+40301.964ms thread=main portal: geom.external windowNumber=67831 trigger=splitViewResize entryCount=4
2026-06-12T17:39:48.605Z seq=63 t+40302.348ms thread=main portal: sync.result hostedId=0x8561632e8f6b23bd oldFrame=200.0,404.5 28.0x335.5 targetFrame=200.0,404.5 28.0x335.5 shouldHide=0 revealReady=1 hostedHidden=0 entryCount=4
2026-06-12T17:39:48.605Z seq=64 t+40302.537ms thread=main portal: sync.result hostedId=0x6ccbe8aaeb566b27 oldFrame=660.5,404.5 459.5x335.5 targetFrame=660.5,404.5 459.5x335.5 shouldHide=0 revealReady=1 hostedHidden=0 entryCount=4
2026-06-12T17:39:48.605Z seq=65 t+40302.699ms thread=main portal: sync.result hostedId=0x32519fcd4629b92f oldFrame=200.0,0.0 459.5x335.5 targetFrame=200.0,0.0 459.5x335.5 shouldHide=0 revealReady=1 hostedHidden=0 entryCount=4
2026-06-12T17:39:48.605Z seq=66 t+40302.848ms thread=main portal: sync.result hostedId=0x6d7c7fff7dc78e0e oldFrame=660.5,0.0 459.5x335.5 targetFrame=660.5,0.0 459.5x335.5 shouldHide=0 revealReady=1 hostedHidden=0 entryCount=4
2026-06-12T17:39:48.930Z seq=67 t+40627.926ms thread=main portal: sync.result hostedId=0x8561632e8f6b23bd oldFrame=200.0,404.5 28.0x335.5 targetFrame=200.0,404.5 28.0x335.5 shouldHide=0 revealReady=1 hostedHidden=0 entryCount=4
2026-06-12T17:39:49.132Z seq=68 t+40829.417ms thread=main portal: geom.external windowNumber=67831 trigger=splitViewResize entryCount=4
2026-06-12T17:39:49.132Z seq=69 t+40829.742ms thread=main portal: sync.result hostedId=0x8561632e8f6b23bd oldFrame=200.0,404.5 28.0x335.5 targetFrame=200.0,404.5 28.0x335.5 shouldHide=0 revealReady=1 hostedHidden=0 entryCount=4
2026-06-12T17:39:49.132Z seq=70 t+40829.925ms thread=main portal: sync.result hostedId=0x6ccbe8aaeb566b27 oldFrame=660.5,404.5 459.5x335.5 targetFrame=660.5,404.5 459.5x335.5 shouldHide=0 revealReady=1 hostedHidden=0 entryCount=4
2026-06-12T17:39:49.132Z seq=71 t+40830.109ms thread=main portal: sync.result hostedId=0x32519fcd4629b92f oldFrame=200.0,0.0 459.5x335.5 targetFrame=200.0,0.0 459.5x335.5 shouldHide=0 revealReady=1 hostedHidden=0 entryCount=4
2026-06-12T17:39:49.133Z seq=72 t+40830.286ms thread=main portal: sync.result hostedId=0x6d7c7fff7dc78e0e oldFrame=660.5,0.0 459.5x335.5 targetFrame=660.5,0.0 459.5x335.5 shouldHide=0 revealReady=1 hostedHidden=0 entryCount=4
2026-06-12T17:41:06.439Z seq=73 t+118139.626ms thread=main portal: geom.external windowNumber=67831 trigger=splitViewResize entryCount=4
2026-06-12T17:41:06.440Z seq=74 t+118140.369ms thread=main portal: sync.result hostedId=0x8561632e8f6b23bd oldFrame=200.0,404.5 28.0x335.5 targetFrame=200.0,404.5 27.5x335.5 shouldHide=0 revealReady=1 hostedHidden=0 entryCount=4
2026-06-12T17:41:06.440Z seq=75 t+118140.603ms thread=main portal: sync.result hostedId=0x6ccbe8aaeb566b27 oldFrame=660.5,404.5 459.5x335.5 targetFrame=660.5,404.5 459.5x335.5 shouldHide=0 revealReady=1 hostedHidden=0 entryCount=4
2026-06-12T17:41:06.440Z seq=76 t+118140.757ms thread=main portal: sync.result hostedId=0x32519fcd4629b92f oldFrame=200.0,0.0 459.5x335.5 targetFrame=200.0,0.0 459.5x335.5 shouldHide=0 revealReady=1 hostedHidden=0 entryCount=4
2026-06-12T17:41:06.440Z seq=77 t+118140.900ms thread=main portal: sync.result hostedId=0x6d7c7fff7dc78e0e oldFrame=660.5,0.0 459.5x335.5 targetFrame=660.5,0.0 459.5x335.5 shouldHide=0 revealReady=1 hostedHidden=0 entryCount=4
2026-06-12T17:41:10.468Z seq=78 t+122168.803ms thread=main portal: geom.external windowNumber=67831 trigger=splitViewResize entryCount=4
2026-06-12T17:41:10.469Z seq=79 t+122169.464ms thread=main portal: sync.result hostedId=0x8561632e8f6b23bd oldFrame=200.0,404.5 27.5x335.5 targetFrame=200.0,404.5 28.5x335.5 shouldHide=0 revealReady=1 hostedHidden=0 entryCount=4
2026-06-12T17:41:10.469Z seq=80 t+122170.227ms thread=main portal: sync.result hostedId=0x6ccbe8aaeb566b27 oldFrame=660.5,404.5 459.5x335.5 targetFrame=670.5,404.5 449.5x335.5 shouldHide=0 revealReady=1 hostedHidden=0 entryCount=4
2026-06-12T17:41:10.470Z seq=81 t+122171.012ms thread=main portal: sync.result hostedId=0x32519fcd4629b92f oldFrame=200.0,0.0 459.5x335.5 targetFrame=200.0,0.0 469.5x335.5 shouldHide=0 revealReady=1 hostedHidden=0 entryCount=4
2026-06-12T17:41:10.471Z seq=82 t+122171.842ms thread=main portal: sync.result hostedId=0x6d7c7fff7dc78e0e oldFrame=660.5,0.0 459.5x335.5 targetFrame=670.5,0.0 449.5x335.5 shouldHide=0 revealReady=1 hostedHidden=0 entryCount=4
2026-06-12T17:41:10.896Z seq=83 t+122597.040ms thread=main portal: geom.external windowNumber=67831 trigger=splitViewResize entryCount=4
2026-06-12T17:41:10.897Z seq=84 t+122597.681ms thread=main portal: sync.result hostedId=0x8561632e8f6b23bd oldFrame=200.0,404.5 28.5x335.5 targetFrame=200.0,404.5 27.5x335.5 shouldHide=0 revealReady=1 hostedHidden=0 entryCount=4
2026-06-12T17:41:10.897Z seq=85 t+122597.977ms thread=main portal: sync.result hostedId=0x6ccbe8aaeb566b27 oldFrame=670.5,404.5 449.5x335.5 targetFrame=670.5,404.5 449.5x335.5 shouldHide=0 revealReady=1 hostedHidden=0 entryCount=4
2026-06-12T17:41:10.897Z seq=86 t+122598.193ms thread=main portal: sync.result hostedId=0x32519fcd4629b92f oldFrame=200.0,0.0 469.5x335.5 targetFrame=200.0,0.0 469.5x335.5 shouldHide=0 revealReady=1 hostedHidden=0 entryCount=4
2026-06-12T17:41:10.897Z seq=87 t+122598.364ms thread=main portal: sync.result hostedId=0x6d7c7fff7dc78e0e oldFrame=670.5,0.0 449.5x335.5 targetFrame=670.5,0.0 449.5x335.5 shouldHide=0 revealReady=1 hostedHidden=0 entryCount=4
2026-06-12T17:42:17.983Z seq=88 t+189686.672ms thread=main portal: bind.before hostedId=0x8561632e8f6b23bd anchorId=0xb4961d4dc696cad7 anchorWindowNumber=67831 anchorSuperviewPtr=0x0000000a30cfdf80 visibleInUI=1 prevHostedIdForAnchor=nil prevEntryHostedViewPtr=nil entryCount=4
2026-06-12T17:42:17.984Z seq=89 t+189687.252ms thread=main portal: sync.result hostedId=0x8561632e8f6b23bd oldFrame=200.0,404.5 28.5x335.5 targetFrame=200.0,404.5 28.5x335.5 shouldHide=0 revealReady=1 hostedHidden=0 entryCount=4
2026-06-12T17:42:17.984Z seq=90 t+189687.365ms thread=main portal: bind.after hostedId=0x8561632e8f6b23bd anchorId=0xb4961d4dc696cad7 seededFrame=200.0,404.5 28.5x335.5 superviewIsHostView=1 entryCount=4
2026-06-12T17:42:17.986Z seq=91 t+189689.512ms thread=main portal: bind.before hostedId=0x32519fcd4629b92f anchorId=0x46c8e3d87db4ab9b anchorWindowNumber=67831 anchorSuperviewPtr=0x0000000a322d3100 visibleInUI=1 prevHostedIdForAnchor=nil prevEntryHostedViewPtr=nil entryCount=4
2026-06-12T17:42:17.986Z seq=92 t+189689.909ms thread=main portal: sync.result hostedId=0x32519fcd4629b92f oldFrame=200.0,0.0 469.5x335.5 targetFrame=200.0,0.0 469.5x335.5 shouldHide=0 revealReady=1 hostedHidden=0 entryCount=4
2026-06-12T17:42:17.987Z seq=93 t+189689.991ms thread=main portal: bind.after hostedId=0x32519fcd4629b92f anchorId=0x46c8e3d87db4ab9b seededFrame=200.0,0.0 469.5x335.5 superviewIsHostView=1 entryCount=4
2026-06-12T17:42:17.987Z seq=94 t+189690.771ms thread=main portal: bind.before hostedId=0x6ccbe8aaeb566b27 anchorId=0x76c4f19d505f6dc4 anchorWindowNumber=67831 anchorSuperviewPtr=0x0000000a323bc380 visibleInUI=1 prevHostedIdForAnchor=nil prevEntryHostedViewPtr=nil entryCount=4
2026-06-12T17:42:17.988Z seq=95 t+189691.056ms thread=main portal: sync.result hostedId=0x6ccbe8aaeb566b27 oldFrame=670.5,404.5 449.5x335.5 targetFrame=670.5,404.5 449.5x335.5 shouldHide=0 revealReady=1 hostedHidden=0 entryCount=4
2026-06-12T17:42:17.988Z seq=96 t+189691.127ms thread=main portal: bind.after hostedId=0x6ccbe8aaeb566b27 anchorId=0x76c4f19d505f6dc4 seededFrame=670.5,404.5 449.5x335.5 superviewIsHostView=1 entryCount=4
2026-06-12T17:42:17.988Z seq=97 t+189691.537ms thread=main portal: bind.before hostedId=0x6d7c7fff7dc78e0e anchorId=0xf58c251a3246d8ad anchorWindowNumber=67831 anchorSuperviewPtr=0x0000000a32448e00 visibleInUI=1 prevHostedIdForAnchor=nil prevEntryHostedViewPtr=nil entryCount=4
2026-06-12T17:42:17.988Z seq=98 t+189691.790ms thread=main portal: sync.result hostedId=0x6d7c7fff7dc78e0e oldFrame=670.5,0.0 449.5x335.5 targetFrame=670.5,0.0 449.5x335.5 shouldHide=0 revealReady=1 hostedHidden=0 entryCount=4
2026-06-12T17:42:17.988Z seq=99 t+189691.856ms thread=main portal: bind.after hostedId=0x6d7c7fff7dc78e0e anchorId=0xf58c251a3246d8ad seededFrame=670.5,0.0 449.5x335.5 superviewIsHostView=1 entryCount=4
2026-06-12T17:42:18.094Z seq=100 t+189797.476ms thread=main portal: bind.before hostedId=0x87fe555d3a25de9a anchorId=0xbc922893e3e8cb99 anchorWindowNumber=67831 anchorSuperviewPtr=0x0000000a31a14a80 visibleInUI=1 prevHostedIdForAnchor=nil prevEntryHostedViewPtr=nil entryCount=4
2026-06-12T17:42:18.116Z seq=101 t+189819.718ms thread=main portal: sync.result hostedId=0x87fe555d3a25de9a oldFrame=200.0,404.5 459.5x335.5 targetFrame=200.0,404.5 459.5x335.5 shouldHide=0 revealReady=1 hostedHidden=0 entryCount=5
2026-06-12T17:42:18.116Z seq=102 t+189819.876ms thread=main portal: bind.after hostedId=0x87fe555d3a25de9a anchorId=0xbc922893e3e8cb99 seededFrame=200.0,404.5 459.5x335.5 superviewIsHostView=1 entryCount=5
2026-06-12T17:42:18.283Z seq=103 t+189986.063ms thread=main portal: bind.before hostedId=0x87fe555d3a25de9a anchorId=0xbc922893e3e8cb99 anchorWindowNumber=67831 anchorSuperviewPtr=0x0000000a31a14a80 visibleInUI=1 prevHostedIdForAnchor=0x87fe555d3a25de9a prevEntryHostedViewPtr=0x0000000a2fa2fb80 entryCount=5
2026-06-12T17:42:18.283Z seq=104 t+189986.505ms thread=main portal: sync.result hostedId=0x87fe555d3a25de9a oldFrame=200.0,404.5 459.5x335.5 targetFrame=200.0,404.5 459.5x335.5 shouldHide=0 revealReady=1 hostedHidden=0 entryCount=5
2026-06-12T17:42:18.283Z seq=105 t+189986.611ms thread=main portal: bind.after hostedId=0x87fe555d3a25de9a anchorId=0xbc922893e3e8cb99 seededFrame=200.0,404.5 459.5x335.5 superviewIsHostView=1 entryCount=5
2026-06-12T17:42:18.336Z seq=106 t+190039.071ms thread=main portal: bind.before hostedId=0xdf39c20f5a49fcb1 anchorId=0x8a78507883c9442d anchorWindowNumber=67831 anchorSuperviewPtr=0x0000000a31d97100 visibleInUI=1 prevHostedIdForAnchor=nil prevEntryHostedViewPtr=nil entryCount=5
2026-06-12T17:42:18.356Z seq=107 t+190059.751ms thread=main portal: sync.result hostedId=0xdf39c20f5a49fcb1 oldFrame=660.5,0.0 459.5x335.5 targetFrame=660.5,0.0 459.5x335.5 shouldHide=0 revealReady=1 hostedHidden=0 entryCount=6
2026-06-12T17:42:18.356Z seq=108 t+190059.916ms thread=main portal: bind.after hostedId=0xdf39c20f5a49fcb1 anchorId=0x8a78507883c9442d seededFrame=660.5,0.0 459.5x335.5 superviewIsHostView=1 entryCount=6
2026-06-12T17:42:18.523Z seq=109 t+190226.304ms thread=main portal: bind.before hostedId=0xdf39c20f5a49fcb1 anchorId=0x8a78507883c9442d anchorWindowNumber=67831 anchorSuperviewPtr=0x0000000a31d97100 visibleInUI=1 prevHostedIdForAnchor=0xdf39c20f5a49fcb1 prevEntryHostedViewPtr=0x0000000a2fa2f480 entryCount=6
2026-06-12T17:42:18.523Z seq=110 t+190226.958ms thread=main portal: sync.result hostedId=0xdf39c20f5a49fcb1 oldFrame=660.5,0.0 459.5x335.5 targetFrame=660.5,0.0 459.5x335.5 shouldHide=0 revealReady=1 hostedHidden=0 entryCount=6
2026-06-12T17:42:18.524Z seq=111 t+190227.123ms thread=main portal: bind.after hostedId=0xdf39c20f5a49fcb1 anchorId=0x8a78507883c9442d seededFrame=660.5,0.0 459.5x335.5 superviewIsHostView=1 entryCount=6
2026-06-12T17:42:19.300Z seq=112 t+191003.196ms thread=main portal: sync.result hostedId=0x87fe555d3a25de9a oldFrame=200.0,404.5 459.5x335.5 targetFrame=200.0,404.5 459.5x335.5 shouldHide=0 revealReady=1 hostedHidden=0 entryCount=6
2026-06-12T17:42:19.300Z seq=113 t+191003.417ms thread=main portal: sync.result hostedId=0xdf39c20f5a49fcb1 oldFrame=660.5,0.0 459.5x335.5 targetFrame=660.5,0.0 459.5x335.5 shouldHide=0 revealReady=1 hostedHidden=0 entryCount=6
2026-06-12T17:42:19.300Z seq=114 t+191003.505ms thread=main portal: sync.skip.orphan hostedId=0x32519fcd4629b92f anchorWindow=nil visibleInUI=1 frame=200.0,0.0 469.5x335.5 reason=anchorWindowMismatch
2026-06-12T17:42:19.300Z seq=115 t+191003.697ms thread=main portal: sync.skip.orphan hostedId=0x6ccbe8aaeb566b27 anchorWindow=nil visibleInUI=1 frame=670.5,404.5 449.5x335.5 reason=anchorWindowMismatch
2026-06-12T17:42:19.300Z seq=116 t+191003.816ms thread=main portal: sync.skip.orphan hostedId=0x8561632e8f6b23bd anchorWindow=nil visibleInUI=1 frame=200.0,404.5 28.5x335.5 reason=anchorWindowMismatch
2026-06-12T17:42:19.300Z seq=117 t+191003.923ms thread=main portal: sync.skip.orphan hostedId=0x6d7c7fff7dc78e0e anchorWindow=nil visibleInUI=1 frame=670.5,0.0 449.5x335.5 reason=anchorWindowMismatch
2026-06-12T17:42:19.555Z seq=118 t+191258.100ms thread=main portal: geom.external windowNumber=67831 trigger=hostGeometryRevision entryCount=6
2026-06-12T17:42:19.555Z seq=119 t+191258.255ms thread=main portal: orphan.hide hostedId=0x8561632e8f6b23bd anchorId=nil anchor=deallocated frame=200.0,404.5 28.5x335.5 entryCount=6
2026-06-12T17:42:19.555Z seq=120 t+191258.333ms thread=main portal: orphan.hide hostedId=0x6ccbe8aaeb566b27 anchorId=nil anchor=deallocated frame=670.5,404.5 449.5x335.5 entryCount=6
2026-06-12T17:42:19.555Z seq=121 t+191258.406ms thread=main portal: orphan.hide hostedId=0x32519fcd4629b92f anchorId=nil anchor=deallocated frame=200.0,0.0 469.5x335.5 entryCount=6
2026-06-12T17:42:19.555Z seq=122 t+191258.479ms thread=main portal: orphan.hide hostedId=0x6d7c7fff7dc78e0e anchorId=nil anchor=deallocated frame=670.5,0.0 449.5x335.5 entryCount=6
2026-06-12T17:42:19.555Z seq=123 t+191258.579ms thread=main portal: detach hostedId=0x8561632e8f6b23bd anchorId=nil hadSuperview=1 entryCount=5
2026-06-12T17:42:19.556Z seq=124 t+191259.224ms thread=main portal: detach hostedId=0x6ccbe8aaeb566b27 anchorId=nil hadSuperview=1 entryCount=4
2026-06-12T17:42:19.556Z seq=125 t+191259.624ms thread=main portal: detach hostedId=0x32519fcd4629b92f anchorId=nil hadSuperview=1 entryCount=3
2026-06-12T17:42:19.556Z seq=126 t+191259.980ms thread=main portal: detach hostedId=0x6d7c7fff7dc78e0e anchorId=nil hadSuperview=1 entryCount=2
2026-06-12T17:42:19.557Z seq=127 t+191260.445ms thread=main portal: sync.result hostedId=0xdf39c20f5a49fcb1 oldFrame=660.5,0.0 459.5x335.5 targetFrame=660.5,0.0 459.5x335.5 shouldHide=0 revealReady=1 hostedHidden=0 entryCount=2
2026-06-12T17:42:19.557Z seq=128 t+191260.603ms thread=main portal: sync.result hostedId=0x87fe555d3a25de9a oldFrame=200.0,404.5 459.5x335.5 targetFrame=200.0,404.5 459.5x335.5 shouldHide=0 revealReady=1 hostedHidden=0 entryCount=2
